E:\1.工程蓝图\11-宣城飞灰\宣城飞灰1#暂存库-分解图.dwg,Model,2000-05-29 09:20:17,Administrator,Default Windows System Printer.pc3,A4,1:72.3145,
E:\1.工程蓝图\11-宣城飞灰\宣城飞灰1#暂存库-分解图.dwg,Model,2000-05-29 11:22:05,Administrator,Default Windows System Printer.pc3,A4,1:210.335,
E:\1.工程蓝图\11-宣城飞灰\宣城飞灰1#暂存库-分解图.dwg,Model,2000-05-29 11:22:32,Administrator,Default Windows System Printer.pc3,A4,1:210.335,
E:\1.工程蓝图\11-宣城飞灰\宣城飞灰1#暂存库-分解图.dwg,Model,2000-05-29 11:22:56,Administrator,Default Windows System Printer.pc3,A4,1:210.335,
E:\1.工程蓝图\11-宣城飞灰\宣城飞灰1#暂存库-分解图.dwg,Model,2000-05-29 12:55:05,Administrator,Default Windows System Printer.pc3,A4,1:210.335,
E:\1.工程蓝图\11-宣城飞灰\宣城飞灰1#暂存库-分解图.dwg,Model,2000-05-29 13:25:08,Administrator,Default Windows System Printer.pc3,A3,1:146.581,
E:\1.工程蓝图\11-宣城飞灰\宣城飞灰1#暂存库-分解图.dwg,Model,2000-05-29 13:28:22,Administrator,Default Windows System Printer.pc3,A3,1:146.581,
E:\1.工程蓝图\11-宣城飞灰\宣城飞灰1#暂存库-分解图.dwg,Model,2000-05-29 13:31:25,Administrator,Default Windows System Printer.pc3,A3,1:146.581,
E:\1.工程蓝图\11-宣城飞灰\宣城飞灰1#暂存库-分解图.dwg,Model,2000-05-29 13:32:19,Administrator,Default Windows System Printer.pc3,A3,1:146.581,
E:\1.工程蓝图\11-宣城飞灰\宣城飞灰1#暂存库-分解图.dwg,Model,2000-05-31 11:00:51,Administrator,Default Windows System Printer.pc3,A3,1:146.286,
E:\1.工程蓝图\11-宣城飞灰\宣城飞灰1#暂存库-分解图.dwg,Model,2000-05-31 11:01:28,Administrator,Default Windows System Printer.pc3,A3,1:146.286,
E:\1.工程蓝图\11-宣城飞灰\宣城飞灰1#暂存库-分解图.dwg,Model,2000-05-31 11:01:48,Administrator,Default Windows System Printer.pc3,A3,1:146.286,
E:\1.工程蓝图\11-宣城飞灰\宣城飞灰1#暂存库-分解图.dwg,Model,2000-05-31 11:02:03,Administrator,Default Windows System Printer.pc3,A3,1:146.286,
E:\1.工程蓝图\11-宣城飞灰\宣城飞灰1#暂存库-分解图.dwg,Model,2000-05-31 11:22:45,Administrator,Default Windows System Printer.pc3,A3,1:146.286,
E:\1.工程蓝图\11-宣城飞灰\宣城飞灰1#暂存库-分解图.dwg,Model,2000-05-31 11:23:04,Administrator,Default Windows System Printer.pc3,A3,1:146.286,
E:\1.工程蓝图\11-宣城飞灰\宣城飞灰1#暂存库-分解图.dwg,Model,2000-05-31 13:39:20,Administrator,Default Windows System Printer.pc3,A4,1:72.3145,
E:\1.工程蓝图\11-宣城飞灰\宣城飞灰1#暂存库-分解图.dwg,Model,2000-05-31 14:04:12,Administrator,Default Windows System Printer.pc3,A4,1:72.3145,
E:\1.工程蓝图\11-宣城飞灰\宣城飞灰1#暂存库-分解图.dwg,Model,2000-05-31 14:06:11,Administrator,Default Windows System Printer.pc3,A4,1:72.3145,
E:\1.工程蓝图\11-宣城飞灰\宣城飞灰1#暂存库-分解图.dwg,Model,2000-05-31 15:03:49,Administrator,Default Windows System Printer.pc3,A4,1:72.3145,
E:\1.工程蓝图\11-宣城飞灰\宣城飞灰1#暂存库-分解图.dwg,Model,2000-05-31 16:35:44,Administrator,Default Windows System Printer.pc3,A3,1:146.286,
E:\1.工程蓝图\11-宣城飞灰\宣城飞灰1#暂存库-分解图.dwg,Model,2000-05-31 16:36:47,Administrator,Default Windows System Printer.pc3,A3,1:146.286,
E:\1.工程蓝图\11-宣城飞灰\宣城飞灰1#暂存库-分解图.dwg,Model,2000-05-31 16:37:03,Administrator,Default Windows System Printer.pc3,A3,1:146.286,
E:\1.工程蓝图\11-宣城飞灰\宣城飞灰1#暂存库-分解图.dwg,Model,2000-05-31 16:37:19,Administrator,Default Windows System Printer.pc3,A3,1:146.286,
E:\1.工程蓝图\11-宣城飞灰\宣城飞灰1#暂存库-分解图.dwg,Model,2000-05-31 16:38:15,Administrator,Default Windows System Printer.pc3,A3,1:179.898,
E:\1.工程蓝图\11-宣城飞灰\宣城飞灰1#暂存库-分解图.dwg,Model,2000-06-02 09:18:08,Administrator,Default Windows System Printer.pc3,A3,1:115.214,
E:\1.工程蓝图\11-宣城飞灰\宣城飞灰1#暂存库-分解图.dwg,Model,2000-06-02 15:36:16,Administrator,Default Windows System Printer.pc3,A3,1:145.426,
E:\1.工程蓝图\11-宣城飞灰\宣城飞灰1#暂存库-分解图.dwg,Model,2000-06-02 15:36:35,Administrator,Default Windows System Printer.pc3,A3,1:160.964,
E:\1.工程蓝图\11-宣城飞灰\宣城飞灰1#暂存库-分解图.dwg,Model,2000-06-02 15:36:53,Administrator,Default Windows System Printer.pc3,A3,1:160.964,
E:\1.工程蓝图\11-宣城飞灰\宣城飞灰1#暂存库-分解图.dwg,Model,2000-06-03 10:13:24,Administrator,Default Windows System Printer.pc3,A3,1:146.407,
E:\1.工程蓝图\11-宣城飞灰\宣城飞灰1#暂存库-分解图.dwg,Model,2000-06-03 10:13:53,Administrator,Default Windows System Printer.pc3,A3,1:146.407,
E:\1.工程蓝图\11-宣城飞灰\宣城飞灰1#暂存库-分解图.dwg,Model,2000-06-03 10:14:10,Administrator,Default Windows System Printer.pc3,A3,1:146.407,
E:\1.工程蓝图\11-宣城飞灰\宣城飞灰1#暂存库-分解图.dwg,Model,2000-06-03 10:14:25,Administrator,Default Windows System Printer.pc3,A3,1:146.407,
E:\1.工程蓝图\11-宣城飞灰\宣城飞灰1#暂存库-分解图.dwg,Model,2000-06-03 10:24:23,Administrator,Default Windows System Printer.pc3,A3,1:146.407,
E:\1.工程蓝图\11-宣城飞灰\宣城飞灰1#暂存库-分解图.dwg,Model,2000-06-03 10:27:26,Administrator,Default Windows System Printer.pc3,A3,1:146.407,
E:\1.工程蓝图\11-宣城飞灰\宣城飞灰1#暂存库-分解图.dwg,Model,2000-06-03 10:37:37,Administrator,Default Windows System Printer.pc3,A3,1:146.407,
E:\1.工程蓝图\11-宣城飞灰\宣城飞灰1#暂存库-分解图.dwg,Model,2000-06-03 11:03:18,Administrator,Default Windows System Printer.pc3,A3,1:108.769,
E:\1.工程蓝图\11-宣城飞灰\宣城飞灰1#暂存库-分解图.dwg,Model,2000-06-03 11:05:39,Administrator,Default Windows System Printer.pc3,A3,1:124.297,
E:\1.工程蓝图\11-宣城飞灰\宣城飞灰1#暂存库-分解图.dwg,Model,2000-06-03 13:33:08,Administrator,Default Windows System Printer.pc3,A3,1:97.4216,
E:\1.工程蓝图\11-宣城飞灰\宣城飞灰1#暂存库-分解图.dwg,Model,2000-06-03 13:34:24,Administrator,Default Windows System Printer.pc3,A3,1:100.731,
E:\1.工程蓝图\11-宣城飞灰\宣城飞灰1#暂存库-分解图.dwg,Model,2000-06-03 13:34:39,Administrator,Default Windows System Printer.pc3,A3,1:108.769,
E:\1.工程蓝图\11-宣城飞灰\宣城飞灰1#暂存库-分解图.dwg,Model,2000-06-03 13:37:53,Administrator,Default Windows System Printer.pc3,A3,1:108.769,
E:\1.工程蓝图\11-宣城飞灰\宣城飞灰1#暂存库-分解图.dwg,Model,2000-06-03 16:11:55,Administrator,Default Windows System Printer.pc3,A3,1:108.769,
E:\1.工程蓝图\11-宣城飞灰\宣城飞灰1#暂存库-分解图.dwg,Model,2000-06-03 16:54:03,Administrator,Default Windows System Printer.pc3,A4,1:37.1338,
E:\1.工程蓝图\11-宣城飞灰\宣城飞灰1#暂存库-分解图.dwg,Model,2000-06-03 16:54:58,Administrator,Default Windows System Printer.pc3,A4,1:37.1338,
E:\1.工程蓝图\11-宣城飞灰\宣城飞灰1#暂存库-分解图.dwg,Model,2000-06-06 15:05:02,Administrator,Default Windows System Printer.pc3,A4,1:103.767,
E:\1.工程蓝图\11-宣城飞灰\宣城飞灰1#暂存库-分解图.dwg,Model,2000-06-06 15:05:47,Administrator,Default Windows System Printer.pc3,A4,1:72.3145,
E:\1.工程蓝图\11-宣城飞灰\宣城飞灰1#暂存库-分解图.dwg,Model,2000-06-06 15:06:01,Administrator,Default Windows System Printer.pc3,A4,1:72.3145,
E:\1.工程蓝图\11-宣城飞灰\宣城飞灰1#暂存库-分解图.dwg,Model,2000-06-09 08:21:44,Administrator,Default Windows System Printer.pc3,A3,1:108.769,
E:\1.工程蓝图\11-宣城飞灰\宣城飞灰1#暂存库-分解图.dwg,Model,2000-06-09 08:23:48,Administrator,Default Windows System Printer.pc3,A3,1:108.769,
E:\1.工程蓝图\11-宣城飞灰\宣城飞灰1#暂存库-分解图.dwg,Model,2000-06-09 08:26:50,Administrator,Default Windows System Printer.pc3,A3,1:97.4216,
E:\1.工程蓝图\11-宣城飞灰\宣城飞灰1#暂存库-分解图.dwg,Model,2000-06-09 08:27:06,Administrator,Default Windows System Printer.pc3,A3,1:100.731,
E:\1.工程蓝图\11-宣城飞灰\宣城飞灰1#暂存库-分解图.dwg,Model,2000-06-14 17:14:38,Administrator,Default Windows System Printer.pc3,A4,1:72.3145,
E:\1.工程蓝图\11-宣城飞灰\宣城飞灰1#暂存库-分解图.dwg,Model,2000-06-15 08:33:19,Administrator,Default Windows System Printer.pc3,A3,1:100.731,
E:\1.工程蓝图\11-宣城飞灰\宣城飞灰1#暂存库-分解图.dwg,Model,2000-06-15 08:33:35,Administrator,Default Windows System Printer.pc3,A3,1:50.6213,
E:\1.工程蓝图\11-宣城飞灰\宣城飞灰1#暂存库-分解图.dwg,Model,2000-06-15 08:39:05,Administrator,Default Windows System Printer.pc3,A3,1:50.6213,
E:\1.工程蓝图\11-宣城飞灰\宣城飞灰1#暂存库-分解图.dwg,Model,2000-06-15 10:20:06,Administrator,Default Windows System Printer.pc3,A3,1:50.6213,
E:\1.工程蓝图\11-宣城飞灰\宣城飞灰1#暂存库-分解图.dwg,Model,2000-06-15 12:51:28,Administrator,Default Windows System Printer.pc3,A3,1:50.6213,
E:\1.工程蓝图\11-宣城飞灰\宣城飞灰1#暂存库-分解图.dwg,Model,2000-06-15 12:56:31,Administrator,Default Windows System Printer.pc3,A3,1:50.6213,
E:\1.工程蓝图\11-宣城飞灰\宣城飞灰1#暂存库-分解图.dwg,Model,2000-06-16 15:33:41,Administrator,Default Windows System Printer.pc3,A4,1:42.017,
E:\1.工程蓝图\11-宣城飞灰\宣城飞灰1#暂存库-分解图.dwg,Model,2000-06-16 15:33:58,Administrator,Default Windows System Printer.pc3,A4,1:60.4394,
E:\1.工程蓝图\11-宣城飞灰\宣城飞灰1#暂存库-分解图.dwg,Model,2000-06-19 08:56:50,Administrator,Default Windows System Printer.pc3,A4,1:42.017,
E:\1.工程蓝图\10-乾坤钢构\1#车间扩展-分解图.dwg,Model,2000-07-03 08:21:58,Administrator,Default Windows System Printer.pc3,A3,1:258.826,
E:\1.工程蓝图\10-乾坤钢构\1#车间扩展-分解图.dwg,Model,2000-07-03 08:22:58,Administrator,Default Windows System Printer.pc3,A3,1:183.009,
E:\1.工程蓝图\10-乾坤钢构\1#车间扩展-分解图.dwg,Model,2000-07-03 08:36:29,Administrator,Default Windows System Printer.pc3,A3,1:41.5063,
E:\1.工程蓝图\10-乾坤钢构\1#车间扩展-分解图.dwg,Model,2000-07-03 08:36:51,Administrator,Default Windows System Printer.pc3,A3,1:41.5063,
E:\1.工程蓝图\10-乾坤钢构\1#车间扩展-分解图.dwg,Model,2000-07-03 08:44:54,Administrator,Default Windows System Printer.pc3,A3,1:41.5063,
E:\1.工程蓝图\10-乾坤钢构\1#车间扩展-分解图.dwg,Model,2000-07-03 09:10:56,Administrator,Default Windows System Printer.pc3,A3,1:41.5063,
E:\1.工程蓝图\10-乾坤钢构\1#车间扩展-分解图.dwg,Model,2000-07-03 09:11:12,Administrator,Default Windows System Printer.pc3,A3,1:41.5063,
E:\1.工程蓝图\10-乾坤钢构\1#车间扩展-分解图.dwg,Model,2000-07-31 08:20:14,Administrator,Default Windows System Printer.pc3,A3,1:183.009,
E:\1.工程蓝图\10-乾坤钢构\1#车间扩展-分解图.dwg,Model,2000-07-31 08:20:31,Administrator,Default Windows System Printer.pc3,A3,1:183.009,
E:\1.工程蓝图\10-乾坤钢构\1#车间扩展-分解图.dwg,Model,2000-07-31 08:20:49,Administrator,Default Windows System Printer.pc3,A3,1:183.009,
E:\1.工程蓝图\10-乾坤钢构\1#车间扩展-分解图.dwg,Model,2000-07-31 08:21:55,Administrator,Default Windows System Printer.pc3,A3,1:183.009,
E:\6.我的文档\工程蓝图\华茂\AB区天沟.dwg,Model,2000-08-26 11:19:13,Administrator,Default Windows System Printer.pc3,A3,1:1.42921,
E:\1.工程蓝图\3-鑫旺塑业\鑫旺1#厂房 - 分解图.dwg,Model,2000-08-29 13:45:14,Administrator,Default Windows System Printer.pc3,A3,1:146.407,
E:\1.工程蓝图\5-祥瑞钢构\祥瑞钢构厂拓建厂房分解图.dwg,Model,2000-09-30 17:08:30,Administrator,Default Windows System Printer.pc3,A3,1:197.649,
E:\1.工程蓝图\5-祥瑞钢构\祥瑞钢构厂拓建厂房分解图.dwg,Model,2000-09-30 17:08:44,Administrator,Default Windows System Printer.pc3,A3,1:197.649,
E:\1.工程蓝图\5-祥瑞钢构\祥瑞钢构厂拓建厂房分解图.dwg,Model,2000-09-30 17:08:58,Administrator,Default Windows System Printer.pc3,A3,1:146.407,
E:\1.工程蓝图\5-祥瑞钢构\祥瑞钢构厂拓建厂房分解图.dwg,Model,2000-09-30 17:09:12,Administrator,Default Windows System Printer.pc3,A3,1:131.766,
E:\1.工程蓝图\5-祥瑞钢构\祥瑞钢构厂拓建厂房分解图.dwg,Model,2000-09-30 17:09:26,Administrator,Default Windows System Printer.pc3,A3,1:131.766,
E:\1.工程蓝图\5-祥瑞钢构\祥瑞钢构厂拓建厂房分解图.dwg,Model,2000-09-30 17:10:51,Administrator,Default Windows System Printer.pc3,A3,1:36.6017,
E:\1.工程蓝图\5-祥瑞钢构\祥瑞钢构厂拓建厂房分解图.dwg,Model,2000-09-30 17:11:13,Administrator,Default Windows System Printer.pc3,A3,1:36.6017,
E:\1.工程蓝图\5-祥瑞钢构\祥瑞钢构厂拓建厂房分解图.dwg,Model,2000-09-30 17:11:26,Administrator,Default Windows System Printer.pc3,A3,1:36.6017,
E:\1.工程蓝图\5-祥瑞钢构\祥瑞钢构厂拓建厂房分解图.dwg,Model,2000-09-30 17:11:40,Administrator,Default Windows System Printer.pc3,A3,1:36.6017,
E:\1.工程蓝图\5-祥瑞钢构\祥瑞钢构厂拓建厂房分解图.dwg,Model,2000-09-30 17:11:58,Administrator,Default Windows System Printer.pc3,A3,1:36.6017,
E:\1.工程蓝图\5-祥瑞钢构\祥瑞钢构厂拓建厂房分解图.dwg,Model,2000-09-30 17:12:13,Administrator,Default Windows System Printer.pc3,A3,1:36.6017,
E:\1.工程蓝图\5-祥瑞钢构\祥瑞钢构厂拓建厂房分解图.dwg,Model,2000-09-30 17:12:34,Administrator,Default Windows System Printer.pc3,A3,1:36.6017,
E:\1.工程蓝图\5-祥瑞钢构\祥瑞钢构厂拓建厂房分解图.dwg,Model,2000-09-30 17:12:49,Administrator,Default Windows System Printer.pc3,A3,1:36.6017,
E:\1.工程蓝图\5-祥瑞钢构\祥瑞钢构厂拓建厂房分解图.dwg,Model,2000-09-30 17:13:03,Administrator,Default Windows System Printer.pc3,A3,1:36.6017,
E:\1.工程蓝图\5-祥瑞钢构\祥瑞钢构厂拓建厂房分解图.dwg,Model,2000-09-30 17:13:19,Administrator,Default Windows System Printer.pc3,A3,1:36.6017,
E:\1.工程蓝图\5-祥瑞钢构\祥瑞钢构厂拓建厂房分解图.dwg,Model,2000-09-30 17:13:31,Administrator,Default Windows System Printer.pc3,A3,1:36.6017,
E:\1.工程蓝图\5-祥瑞钢构\祥瑞钢构厂拓建厂房分解图.dwg,Model,2000-09-30 17:13:44,Administrator,Default Windows System Printer.pc3,A3,1:36.6017,
E:\1.工程蓝图\5-祥瑞钢构\祥瑞钢构厂拓建厂房分解图.dwg,Model,2000-09-30 17:13:58,Administrator,Default Windows System Printer.pc3,A3,1:36.6017,
E:\1.工程蓝图\5-祥瑞钢构\祥瑞钢构厂拓建厂房分解图.dwg,Model,2000-09-30 17:14:11,Administrator,Default Windows System Printer.pc3,A3,1:36.6017,
E:\1.工程蓝图\5-祥瑞钢构\祥瑞钢构厂拓建厂房分解图.dwg,Model,2000-09-30 17:14:25,Administrator,Default Windows System Printer.pc3,A3,1:36.6017,
E:\1.工程蓝图\5-祥瑞钢构\祥瑞钢构厂拓建厂房分解图.dwg,Model,2000-09-30 17:14:37,Administrator,Default Windows System Printer.pc3,A3,1:36.6017,
E:\1.工程蓝图\5-祥瑞钢构\祥瑞钢构厂拓建厂房分解图.dwg,Model,2000-09-30 17:14:50,Administrator,Default Windows System Printer.pc3,A3,1:36.6017,
E:\1.工程蓝图\5-祥瑞钢构\祥瑞钢构厂拓建厂房分解图.dwg,Model,2000-09-30 17:15:05,Administrator,Default Windows System Printer.pc3,A3,1:36.6017,
E:\1.工程蓝图\5-祥瑞钢构\祥瑞钢构厂拓建厂房分解图.dwg,Model,2000-09-30 17:15:21,Administrator,Default Windows System Printer.pc3,A3,1:36.6017,
E:\1.工程蓝图\5-祥瑞钢构\祥瑞钢构厂拓建厂房分解图.dwg,Model,2000-09-30 17:15:38,Administrator,Default Windows System Printer.pc3,A3,1:36.6017,
E:\1.工程蓝图\5-祥瑞钢构\祥瑞钢构厂拓建厂房分解图.dwg,Model,2000-09-30 17:15:52,Administrator,Default Windows System Printer.pc3,A3,1:36.6017,
E:\1.工程蓝图\5-祥瑞钢构\祥瑞钢构厂拓建厂房分解图.dwg,Model,2000-09-30 17:16:04,Administrator,Default Windows System Printer.pc3,A3,1:36.6017,
E:\1.工程蓝图\5-祥瑞钢构\祥瑞钢构厂拓建厂房分解图.dwg,Model,2000-09-30 17:16:17,Administrator,Default Windows System Printer.pc3,A3,1:36.6017,
E:\1.工程蓝图\5-祥瑞钢构\祥瑞钢构厂拓建厂房分解图.dwg,Model,2000-09-30 17:16:30,Administrator,Default Windows System Printer.pc3,A3,1:36.6017,
E:\1.工程蓝图\5-祥瑞钢构\祥瑞钢构厂拓建厂房分解图.dwg,Model,2000-09-30 17:16:44,Administrator,Default Windows System Printer.pc3,A3,1:36.6017,
E:\1.工程蓝图\5-祥瑞钢构\祥瑞钢构厂拓建厂房分解图.dwg,Model,2000-09-30 17:16:58,Administrator,Default Windows System Printer.pc3,A3,1:36.6017,
E:\1.工程蓝图\5-祥瑞钢构\祥瑞钢构厂拓建厂房分解图.dwg,Model,2000-09-30 17:17:11,Administrator,Default Windows System Printer.pc3,A3,1:36.6017,
E:\1.工程蓝图\5-祥瑞钢构\祥瑞钢构厂拓建厂房分解图.dwg,Model,2000-09-30 17:17:27,Administrator,Default Windows System Printer.pc3,A3,1:36.6017,
E:\1.工程蓝图\5-祥瑞钢构\祥瑞钢构厂拓建厂房分解图.dwg,Model,2000-09-30 17:17:39,Administrator,Default Windows System Printer.pc3,A3,1:36.6017,
E:\1.工程蓝图\5-祥瑞钢构\祥瑞钢构厂拓建厂房分解图.dwg,Model,2000-09-30 17:17:52,Administrator,Default Windows System Printer.pc3,A3,1:36.6017,
E:\1.工程蓝图\5-祥瑞钢构\祥瑞钢构厂拓建厂房分解图.dwg,Model,2000-09-30 17:18:03,Administrator,Default Windows System Printer.pc3,A3,1:36.6017,
E:\1.工程蓝图\5-祥瑞钢构\祥瑞钢构厂拓建厂房分解图.dwg,Model,2000-09-30 17:18:17,Administrator,Default Windows System Printer.pc3,A3,1:21.961,
E:\1.工程蓝图\5-祥瑞钢构\祥瑞钢构厂拓建厂房分解图.dwg,Model,2000-09-30 17:18:28,Administrator,Default Windows System Printer.pc3,A3,1:21.961,
E:\1.工程蓝图\5-祥瑞钢构\祥瑞钢构厂拓建厂房分解图.dwg,Model,2000-09-30 17:18:39,Administrator,Default Windows System Printer.pc3,A3,1:21.961,
E:\1.工程蓝图\5-祥瑞钢构\祥瑞钢构厂拓建厂房分解图.dwg,Model,2000-09-30 17:18:51,Administrator,Default Windows System Printer.pc3,A3,1:21.961,
E:\1.工程蓝图\5-祥瑞钢构\祥瑞钢构厂拓建厂房分解图.dwg,Model,2000-09-30 17:19:04,Administrator,Default Windows System Printer.pc3,A3,1:36.6017,
E:\1.工程蓝图\5-祥瑞钢构\祥瑞钢构厂拓建厂房分解图.dwg,Model,2000-09-30 17:19:17,Administrator,Default Windows System Printer.pc3,A3,1:36.6017,
E:\1.工程蓝图\5-祥瑞钢构\祥瑞钢构厂拓建厂房分解图.dwg,Model,2000-09-30 17:19:30,Administrator,Default Windows System Printer.pc3,A3,1:36.6017,
E:\1.工程蓝图\5-祥瑞钢构\祥瑞钢构厂拓建厂房分解图.dwg,Model,2000-09-30 17:19:44,Administrator,Default Windows System Printer.pc3,A3,1:40.2619,
