E:\1.工程蓝图\4-妇幼保健院\新建设备罩棚分解图.dwg,Model,2000-09-20 14:32:28,Administrator,Default Windows System Printer.pc3,A4,1:42.017,
E:\1.工程蓝图\4-妇幼保健院\新建设备罩棚分解图.dwg,Model,2000-09-20 14:32:44,Administrator,Default Windows System Printer.pc3,A4,1:42.017,
E:\1.工程蓝图\4-妇幼保健院\新建设备罩棚分解图.dwg,Model,2000-09-20 14:33:01,Administrator,Default Windows System Printer.pc3,A4,1:42.017,
E:\1.工程蓝图\4-妇幼保健院\新建设备罩棚分解图.dwg,Model,2000-09-20 14:37:38,Administrator,Default Windows System Printer.pc3,A4,1:7.87818,
E:\1.工程蓝图\4-妇幼保健院\新建设备罩棚分解图.dwg,Model,2000-09-20 14:38:15,Administrator,Default Windows System Printer.pc3,A4,1:7.87818,
E:\1.工程蓝图\4-妇幼保健院\新建设备罩棚分解图.dwg,Model,2000-09-20 14:42:59,Administrator,Default Windows System Printer.pc3,A4,1:42.017,
E:\1.工程蓝图\4-妇幼保健院\新建设备罩棚分解图.dwg,Model,2000-09-20 14:43:13,Administrator,Default Windows System Printer.pc3,A4,1:42.017,
E:\1.工程蓝图\4-妇幼保健院\新建设备罩棚分解图.dwg,Model,2000-09-20 14:43:28,Administrator,Default Windows System Printer.pc3,A4,1:42.017,
E:\1.工程蓝图\4-妇幼保健院\新建设备罩棚分解图.dwg,Model,2000-09-20 14:44:31,Administrator,Default Windows System Printer.pc3,A4,1:7.87818,
E:\1.工程蓝图\2-乾坤钢构\1#车间扩展-分解图.dwg,Model,2000-09-23 16:39:00,Administrator,Default Windows System Printer.pc3,A3,1:36.6017,
E:\1.工程蓝图\2-乾坤钢构\1#车间扩展-分解图.dwg,Model,2000-09-23 16:50:23,Administrator,Default Windows System Printer.pc3,A3,1:36.6017,
E:\trunk\工程蓝图\2-乾坤钢构\1#车间扩展-分解图.dwg,Model,2020-11-17 09:56:02,Administrator,Default Windows System Printer.pc3,A3,1:25.6212,
E:\trunk\工程蓝图\2-乾坤钢构\1#车间扩展-分解图.dwg,Model,2020-11-17 09:56:20,Administrator,Default Windows System Printer.pc3,A3,1:25.6212,
E:\trunk\工程蓝图\2-乾坤钢构\1#车间扩展-分解图.dwg,Model,2020-11-17 09:56:36,Administrator,Default Windows System Printer.pc3,A3,1:25.6212,
E:\trunk\工程蓝图\2-乾坤钢构\1#车间扩展-分解图.dwg,Model,2020-11-28 08:07:20,Administrator,Default Windows System Printer.pc3,A3,1:25.6212,
E:\trunk\工程蓝图\2-乾坤钢构\1#车间扩展-分解图.dwg,Model,2020-11-28 08:07:34,Administrator,Default Windows System Printer.pc3,A3,1:25.6212,
E:\trunk\工程蓝图\2-乾坤钢构\1#车间扩展-分解图.dwg,Model,2020-11-28 08:07:45,Administrator,Default Windows System Printer.pc3,A3,1:25.6212,
E:\trunk\工程蓝图\2-乾坤钢构\1#车间扩展-分解图.dwg,Model,2020-11-28 08:08:01,Administrator,Default Windows System Printer.pc3,A3,1:25.6212,
E:\trunk\工程蓝图\2-乾坤钢构\1#车间扩展-分解图.dwg,Model,2020-11-28 08:08:15,Administrator,Default Windows System Printer.pc3,A3,1:25.6212,
E:\trunk\工程蓝图\2-乾坤钢构\1#车间扩展-分解图.dwg,Model,2020-11-28 08:08:30,Administrator,Default Windows System Printer.pc3,A3,1:25.6212,
E:\trunk\工程蓝图\2-乾坤钢构\1#车间扩展-分解图.dwg,Model,2020-11-28 09:41:41,Administrator,Default Windows System Printer.pc3,A4,1:10.5042,
E:\trunk\工程蓝图\2-乾坤钢构\1#车间扩展-分解图.dwg,Model,2020-11-29 09:52:20,Administrator,Default Windows System Printer.pc3,A3,1:144.946,
E:\trunk\工程蓝图\2-乾坤钢构\1#车间扩展-分解图.dwg,Model,2020-11-29 09:52:46,Administrator,Default Windows System Printer.pc3,A3,1:402.411,
E:\trunk\工程蓝图\2-乾坤钢构\1#车间扩展-分解图.dwg,Model,2020-11-29 09:53:12,Administrator,Default Windows System Printer.pc3,A3,1:36.6017,
E:\trunk\工程蓝图\2-乾坤钢构\1#车间扩展-分解图.dwg,Model,2020-11-29 09:53:26,Administrator,Default Windows System Printer.pc3,A3,1:36.6017,
E:\trunk\工程蓝图\2-乾坤钢构\1#车间扩展-分解图.dwg,Model,2020-11-29 09:53:45,Administrator,Default Windows System Printer.pc3,A3,1:36.6017,
E:\trunk\工程蓝图\2-乾坤钢构\1#车间扩展-分解图.dwg,Model,2020-11-29 09:54:29,Administrator,Default Windows System Printer.pc3,A3,1:29.2814,
E:\trunk\工程蓝图\2-乾坤钢构\1#车间扩展-分解图.dwg,Model,2020-11-29 09:54:52,Administrator,Default Windows System Printer.pc3,A3,1:25.6212,
E:\trunk\工程蓝图\2-乾坤钢构\1#车间扩展-分解图.dwg,Model,2020-11-29 09:55:03,Administrator,Default Windows System Printer.pc3,A3,1:29.2814,
E:\trunk\工程蓝图\2-乾坤钢构\1#车间扩展-分解图.dwg,Model,2020-11-29 09:55:22,Administrator,Default Windows System Printer.pc3,A3,1:36.6017,
E:\trunk\工程蓝图\2-乾坤钢构\1#车间扩展-分解图.dwg,Model,2020-11-29 09:58:05,Administrator,Default Windows System Printer.pc3,A3,1:363.891,
E:\trunk\工程蓝图\2-乾坤钢构\1#车间扩展-分解图.dwg,Model,2020-11-29 10:01:30,Administrator,Default Windows System Printer.pc3,A3,1:363.891,
E:\trunk\工程蓝图\2-乾坤钢构\1#车间扩展-分解图.dwg,Model,2020-11-29 10:01:51,Administrator,Default Windows System Printer.pc3,A3,1:144.946,
E:\trunk\工程蓝图\2-乾坤钢构\1#车间扩展-分解图.dwg,Model,2020-11-29 10:02:15,Administrator,Default Windows System Printer.pc3,A3,1:402.411,
E:\trunk\工程蓝图\2-乾坤钢构\1#车间扩展-分解图.dwg,Model,2020-11-29 10:02:39,Administrator,Default Windows System Printer.pc3,A3,1:36.6017,
E:\trunk\工程蓝图\2-乾坤钢构\1#车间扩展-分解图.dwg,Model,2020-11-29 10:02:51,Administrator,Default Windows System Printer.pc3,A3,1:36.6017,
E:\trunk\工程蓝图\2-乾坤钢构\1#车间扩展-分解图.dwg,Model,2020-11-29 10:03:05,Administrator,Default Windows System Printer.pc3,A3,1:36.6017,
E:\trunk\工程蓝图\2-乾坤钢构\1#车间扩展-分解图.dwg,Model,2020-11-29 10:03:20,Administrator,Default Windows System Printer.pc3,A3,1:29.2814,
E:\trunk\工程蓝图\2-乾坤钢构\1#车间扩展-分解图.dwg,Model,2020-11-29 10:03:35,Administrator,Default Windows System Printer.pc3,A3,1:25.6212,
E:\trunk\工程蓝图\2-乾坤钢构\1#车间扩展-分解图.dwg,Model,2020-11-29 10:03:47,Administrator,Default Windows System Printer.pc3,A3,1:29.2814,
E:\trunk\工程蓝图\2-乾坤钢构\1#车间扩展-分解图.dwg,Model,2020-11-29 10:04:01,Administrator,Default Windows System Printer.pc3,A3,1:36.6017,
E:\trunk\工程蓝图\2-乾坤钢构\1#车间扩展-分解图.dwg,Model,2020-11-29 10:14:29,Administrator,Default Windows System Printer.pc3,A3,1:36.6017,
E:\trunk\工程蓝图\2-乾坤钢构\1#车间扩展-分解图.dwg,Model,2020-11-30 15:11:03,Administrator,Default Windows System Printer.pc3,A4,1:4.2017,
E:\trunk\工程蓝图\2-乾坤钢构\1#车间扩展-分解图.dwg,Model,2020-11-30 15:13:21,Administrator,Default Windows System Printer.pc3,A4,1:4.2017,
E:\trunk\工程蓝图\2-乾坤钢构\1#车间扩展-分解图.dwg,Model,2020-11-30 15:45:01,Administrator,Default Windows System Printer.pc3,A4,1:10.5042,
E:\trunk\工程蓝图\2-乾坤钢构\1#车间扩展-分解图.dwg,Model,2020-12-02 08:40:25,Administrator,Default Windows System Printer.pc3,A4,1:10.5042,
E:\trunk\工程蓝图\2-乾坤钢构\1#车间扩展-分解图.dwg,Model,2020-12-02 09:08:50,Administrator,Default Windows System Printer.pc3,A4,1:10.5042,
E:\trunk\工程蓝图\基础零件板.dwg,Model,2020-12-04 09:16:34,Administrator,Default Windows System Printer.pc3,A4,1:1.05069,
E:\trunk\工程蓝图\基础零件板.dwg,Model,2020-12-04 09:22:29,Administrator,Default Windows System Printer.pc3,A4,1:1.05042,
E:\trunk\工程蓝图\基础零件板.dwg,Model,2020-12-04 09:34:43,Administrator,Default Windows System Printer.pc3,A4,1:1.05042,
E:\trunk\工程蓝图\2-乾坤钢构\1#车间扩展-分解图.dwg,Model,2020-12-05 15:07:01,Administrator,Default Windows System Printer.pc3,A3,1:125.549,
E:\trunk\工程蓝图\2-乾坤钢构\1#车间扩展-分解图.dwg,Model,2020-12-06 08:34:04,Administrator,Default Windows System Printer.pc3,A4,1:10.5042,
E:\trunk\工程蓝图\2-乾坤钢构\1#车间扩展-分解图.dwg,Model,2020-12-06 08:35:39,Administrator,Default Windows System Printer.pc3,A4,1:10.5042,
E:\trunk\工程蓝图\2-乾坤钢构\1#车间扩展-分解图.dwg,Model,2020-12-06 08:54:13,Administrator,Default Windows System Printer.pc3,A4,1:10.5042,
E:\trunk\工程蓝图\2-乾坤钢构\1#车间扩展-分解图（改造）.dwg,Model,2020-12-06 11:42:50,Administrator,Default Windows System Printer.pc3,A4,1:94.8258,
E:\trunk\工程蓝图\2-乾坤钢构\1#车间扩展-分解图（改造）.dwg,Model,2020-12-06 13:07:27,Administrator,Default Windows System Printer.pc3,A4,1:92.989,
E:\trunk\工程蓝图\2-乾坤钢构\1#车间扩展-分解图.dwg,Model,2000-12-25 08:28:37,Administrator,Default Windows System Printer.pc3,A4,1:15.7564,
E:\trunk\工程蓝图\2-乾坤钢构\1#车间扩展-分解图.dwg,Model,2000-12-26 08:56:04,Administrator,Default Windows System Printer.pc3,A4,1:4.2017,
E:\trunk\工程蓝图\2-乾坤钢构\1#车间扩展-分解图.dwg,Model,2000-12-26 08:56:22,Administrator,Default Windows System Printer.pc3,A4,1:4.2017,
E:\trunk\工程蓝图\2-乾坤钢构\1#车间扩展-分解图.dwg,Model,2000-12-26 09:07:22,Administrator,Default Windows System Printer.pc3,A4,1:4.2017,
E:\trunk\工程蓝图\2-乾坤钢构\1#车间扩展-分解图.dwg,Model,2000-12-26 09:08:22,Administrator,Default Windows System Printer.pc3,A4,1:4.2017,
E:\trunk\我的文档\工程蓝图\EPC\9#车间.dwg,Model,2000-12-31 13:11:59,Administrator,Default Windows System Printer.pc3,A3,1:288.621,
E:\trunk\我的文档\工程蓝图\EPC\9#车间.dwg,Model,2000-12-31 13:18:45,Administrator,Default Windows System Printer.pc3,A3,1:136.037,
E:\trunk\工程蓝图\基础零件板.dwg,Model,2000-12-31 16:44:54,Administrator,Default Windows System Printer.pc3,A4,1:4.2017,
E:\trunk\工程蓝图\基础零件板.dwg,Model,2000-12-31 16:45:23,Administrator,Default Windows System Printer.pc3,A4,1:9.45382,
E:\trunk\我的文档\工程蓝图\EPC\9#车间.dwg,Model,2021-01-02 08:16:36,Administrator,Default Windows System Printer.pc3,A4,1:31.6151,
E:\trunk\工程蓝图\2-乾坤钢构\1#车间扩展-分解图.dwg,Model,2021-01-02 10:03:02,Administrator,Default Windows System Printer.pc3,A3,1:21.961,
E:\trunk\我的文档\工程蓝图\EPC\9#车间.dwg,Model,2021-01-02 15:26:06,Administrator,Default Windows System Printer.pc3,A3,1:45.7597,
E:\trunk\我的文档\工程蓝图\EPC\9#车间.dwg,Model,2021-01-02 15:26:21,Administrator,Default Windows System Printer.pc3,A3,1:50.9274,
E:\trunk\我的文档\工程蓝图\EPC\9#车间.dwg,Model,2021-01-02 15:26:55,Administrator,Default Windows System Printer.pc3,A3,1:70.2247,
E:\trunk\我的文档\工程蓝图\EPC\9#车间.dwg,Model,2021-01-02 15:27:12,Administrator,Default Windows System Printer.pc3,A3,1:20.5046,
E:\trunk\我的文档\工程蓝图\EPC\9#车间.dwg,Model,2021-01-02 15:27:33,Administrator,Default Windows System Printer.pc3,A3,1:11.3726,
E:\trunk\我的文档\工程蓝图\EPC\9#车间.dwg,Model,2021-01-02 15:28:10,Administrator,Default Windows System Printer.pc3,A4,1:8.63998,
E:\trunk\我的文档\工程蓝图\EPC\9#车间.dwg,Model,2021-01-02 15:28:23,Administrator,Default Windows System Printer.pc3,A4,1:6.08946,
E:\trunk\工程蓝图\2-乾坤钢构\1#车间扩展-分解图.dwg,Model,2021-01-03 08:14:07,Administrator,Default Windows System Printer.pc3,A4,1:63.0255,
E:\trunk\工程蓝图\2-乾坤钢构\1#车间扩展-分解图.dwg,Model,2021-01-03 08:14:40,Administrator,Default Windows System Printer.pc3,A3,1:402.619,
E:\trunk\工程蓝图\2-乾坤钢构\1#车间扩展-分解图.dwg,Model,2021-01-03 08:15:24,Administrator,Default Windows System Printer.pc3,A4,1:37.14,
E:\trunk\我的文档\工程蓝图\EPC\9#车间.dwg,Model,2021-01-03 08:37:18,Administrator,Default Windows System Printer.pc3,A3,1:288.621,
E:\trunk\我的文档\工程蓝图\EPC\9#车间.dwg,Model,2021-01-03 08:37:34,Administrator,Default Windows System Printer.pc3,A3,1:136.037,
E:\trunk\我的文档\工程蓝图\EPC\9#车间.dwg,Model,2021-01-03 08:38:28,Administrator,Default Windows System Printer.pc3,A3,1:45.7597,
E:\trunk\我的文档\工程蓝图\EPC\9#车间.dwg,Model,2021-01-03 08:38:40,Administrator,Default Windows System Printer.pc3,A3,1:50.9274,
E:\trunk\我的文档\工程蓝图\EPC\9#车间.dwg,Model,2021-01-03 08:39:33,Administrator,Default Windows System Printer.pc3,A3,1:70.2247,
E:\trunk\我的文档\工程蓝图\EPC\9#车间.dwg,Model,2021-01-03 08:40:41,Administrator,Default Windows System Printer.pc3,A4,1:16.319,
E:\trunk\我的文档\工程蓝图\EPC\9#车间.dwg,Model,2021-01-03 08:40:52,Administrator,Default Windows System Printer.pc3,A4,1:8.63998,
E:\trunk\我的文档\工程蓝图\EPC\9#车间.dwg,Model,2021-01-03 08:41:04,Administrator,Default Windows System Printer.pc3,A4,1:6.08946,
E:\trunk\我的文档\工程蓝图\EPC\9#车间.dwg,Model,2021-01-03 08:41:38,Administrator,Default Windows System Printer.pc3,A3,1:20.5046,
E:\trunk\我的文档\工程蓝图\EPC\9#车间.dwg,Model,2021-01-03 08:41:57,Administrator,Default Windows System Printer.pc3,A3,1:21.8144,
E:\trunk\工程蓝图\2-乾坤钢构\1#车间扩展-分解图.dwg,Model,2021-01-03 12:04:11,Administrator,Default Windows System Printer.pc3,A4,1:7.428,
E:\trunk\工程蓝图\2-乾坤钢构\1#车间扩展-分解图.dwg,Model,2021-01-03 12:04:27,Administrator,Default Windows System Printer.pc3,A4,1:7.428,
E:\trunk\工程蓝图\2-乾坤钢构\1#车间扩展-分解图.dwg,Model,2021-01-03 14:46:13,Administrator,Default Windows System Printer.pc3,A4,1:105.042,
E:\trunk\工程蓝图\2-乾坤钢构\1#车间扩展-分解图.dwg,Model,2021-01-03 14:56:22,Administrator,Default Windows System Printer.pc3,A4,1:105.042,
E:\trunk\我的文档\工程蓝图\EPC\9#车间.dwg,Model,2021-01-04 08:01:09,Administrator,Default Windows System Printer.pc3,A3,1:45.1664,
E:\trunk\我的文档\工程蓝图\EPC\9#车间.dwg,Model,2021-01-04 08:01:25,Administrator,Default Windows System Printer.pc3,A3,1:45.1664,
E:\trunk\我的文档\工程蓝图\EPC\9#车间.dwg,Model,2021-01-04 08:01:39,Administrator,Default Windows System Printer.pc3,A3,1:45.1664,
E:\trunk\我的文档\工程蓝图\EPC\9#车间.dwg,Model,2021-01-04 08:01:55,Administrator,Default Windows System Printer.pc3,A3,1:45.1664,
E:\trunk\我的文档\工程蓝图\EPC\9#车间.dwg,Model,2021-01-04 08:02:10,Administrator,Default Windows System Printer.pc3,A3,1:45.1664,
E:\trunk\我的文档\工程蓝图\EPC\9#车间.dwg,Model,2021-01-04 08:02:24,Administrator,Default Windows System Printer.pc3,A3,1:45.1664,
E:\trunk\我的文档\工程蓝图\EPC\9#车间.dwg,Model,2021-01-04 08:02:37,Administrator,Default Windows System Printer.pc3,A3,1:45.1664,
E:\trunk\我的文档\工程蓝图\EPC\9#车间.dwg,Model,2021-01-04 08:02:50,Administrator,Default Windows System Printer.pc3,A3,1:45.1664,
E:\trunk\我的文档\工程蓝图\EPC\9#车间.dwg,Model,2021-01-04 08:03:07,Administrator,Default Windows System Printer.pc3,A3,1:46.5962,
E:\trunk\我的文档\工程蓝图\EPC\9#车间.dwg,Model,2021-01-04 08:03:26,Administrator,Default Windows System Printer.pc3,A3,1:25.6539,
E:\trunk\我的文档\工程蓝图\EPC\9#车间.dwg,Model,2021-01-04 08:03:47,Administrator,Default Windows System Printer.pc3,A3,1:16.1855,
E:\trunk\我的文档\工程蓝图\EPC\9#车间.dwg,Model,2021-01-04 08:04:05,Administrator,Default Windows System Printer.pc3,A3,1:25.9267,
E:\trunk\我的文档\工程蓝图\EPC\9#车间.dwg,Model,2021-01-04 08:04:18,Administrator,Default Windows System Printer.pc3,A3,1:25.9267,
E:\trunk\我的文档\工程蓝图\EPC\9#车间.dwg,Model,2021-01-04 08:04:31,Administrator,Default Windows System Printer.pc3,A3,1:32.5305,
E:\trunk\我的文档\工程蓝图\EPC\9#车间.dwg,Model,2021-01-04 08:04:45,Administrator,Default Windows System Printer.pc3,A3,1:32.5305,
E:\trunk\我的文档\工程蓝图\EPC\9#车间.dwg,Model,2021-01-04 08:04:56,Administrator,Default Windows System Printer.pc3,A3,1:32.5305,
E:\trunk\我的文档\工程蓝图\EPC\9#车间.dwg,Model,2021-01-04 08:05:09,Administrator,Default Windows System Printer.pc3,A3,1:38.4265,
E:\trunk\我的文档\工程蓝图\EPC\9#车间.dwg,Model,2021-01-04 08:05:21,Administrator,Default Windows System Printer.pc3,A3,1:38.4265,
E:\trunk\我的文档\工程蓝图\EPC\9#车间.dwg,Model,2021-01-04 08:05:36,Administrator,Default Windows System Printer.pc3,A3,1:38.4265,
E:\trunk\我的文档\工程蓝图\EPC\9#车间.dwg,Model,2021-01-04 08:06:09,Administrator,Default Windows System Printer.pc3,A3,1:40.9389,
E:\trunk\我的文档\工程蓝图\EPC\9#车间.dwg,Model,2021-01-04 08:06:22,Administrator,Default Windows System Printer.pc3,A3,1:40.9389,
E:\trunk\我的文档\工程蓝图\EPC\9#车间.dwg,Model,2021-01-04 08:06:35,Administrator,Default Windows System Printer.pc3,A3,1:40.9389,
E:\trunk\工程蓝图\2-乾坤钢构\1#车间扩展-分解图.dwg,Model,2021-01-04 13:05:04,Administrator,Default Windows System Printer.pc3,A3,1:402.619,
E:\trunk\工程蓝图\2-乾坤钢构\1#车间扩展-分解图.dwg,Model,2021-01-04 13:05:26,Administrator,Default Windows System Printer.pc3,A4,1:10.5042,
E:\trunk\工程蓝图\8-同盛碳酸钙\同盛碳酸钙分解图.dwg,Model,2021-03-16 14:50:17,Administrator,Default Windows System Printer.pc3,A3,1:292.814,
E:\trunk\工程蓝图\8-同盛碳酸钙\同盛碳酸钙分解图.dwg,Model,2021-03-16 14:50:43,Administrator,Default Windows System Printer.pc3,A3,1:153.695,
E:\trunk\工程蓝图\8-同盛碳酸钙\同盛碳酸钙分解图.dwg,Model,2021-03-16 14:50:55,Administrator,Default Windows System Printer.pc3,A3,1:117.125,
E:\trunk\工程蓝图\8-同盛碳酸钙\同盛碳酸钙分解图.dwg,Model,2021-03-16 14:51:08,Administrator,Default Windows System Printer.pc3,A3,1:153.695,
E:\trunk\工程蓝图\8-同盛碳酸钙\同盛碳酸钙分解图.dwg,Model,2021-03-16 14:51:22,Administrator,Default Windows System Printer.pc3,A3,1:291.299,
E:\trunk\工程蓝图\8-同盛碳酸钙\同盛碳酸钙分解图.dwg,Model,2021-03-16 14:53:30,Administrator,Default Windows System Printer.pc3,A3,1:14.6407,
