E:\雍成伟\2020\东颖模具\施工图\图审前\1#厂房\东颖电子1#厂房.dwg,模型,2020/6/29 星期一 12:19:48,Administrator,AZTPLOT.pc3,A2(594.00 x 420.00 毫米),1:5080,
E:\雍成伟\2020\东颖模具\施工图\图审前\1#厂房\东颖电子1#厂房.dwg,模型,2020/6/29 星期一 12:19:53,Administrator,AZTPLOT.pc3,A2(594.00 x 420.00 毫米),1:5080,
E:\雍成伟\2020\东颖模具\施工图\图审前\1#厂房\东颖电子1#厂房.dwg,模型,2020/6/29 星期一 12:19:57,Administrator,AZTPLOT.pc3,A2(594.00 x 420.00 毫米),1:5080,
E:\雍成伟\2020\东颖模具\施工图\图审前\1#厂房\东颖电子1#厂房.dwg,模型,2020/6/29 星期一 12:20:01,Administrator,AZTPLOT.pc3,A2(594.00 x 420.00 毫米),1:5080,
E:\雍成伟\2020\东颖模具\施工图\图审前\1#厂房\东颖电子1#厂房.dwg,模型,2020/6/29 星期一 12:20:04,Administrator,AZTPLOT.pc3,A2+1-4(743.00 x 420.00 毫米),1:2540,
E:\雍成伟\2020\东颖模具\施工图\图审前\1#厂房\东颖电子1#厂房.dwg,模型,2020/6/29 星期一 12:20:08,Administrator,AZTPLOT.pc3,A2+1-4(743.00 x 420.00 毫米),1:2540,
E:\雍成伟\2020\东颖模具\施工图\图审前\1#厂房\东颖电子1#厂房.dwg,模型,2020/6/29 星期一 12:20:10,Administrator,AZTPLOT.pc3,A2+1-4(743.00 x 420.00 毫米),1:2540,
E:\雍成伟\2020\东颖模具\施工图\图审前\1#厂房\东颖电子结构0625.dwg,模型,2020/6/29 星期一 12:23:08,Administrator,AZTPLOT.pc3,A1(841.00 x 594.00 毫米),1:2540,
E:\雍成伟\2020\东颖模具\施工图\图审前\1#厂房\东颖电子结构0625.dwg,模型,2020/6/29 星期一 12:23:13,Administrator,AZTPLOT.pc3,A1(841.00 x 594.00 毫米),1:3048,
E:\雍成伟\2020\东颖模具\施工图\图审前\1#厂房\东颖电子结构0625.dwg,模型,2020/6/29 星期一 12:23:16,Administrator,AZTPLOT.pc3,A1(841.00 x 594.00 毫米),1:3048,
E:\雍成伟\2020\东颖模具\施工图\图审前\1#厂房\东颖电子结构0625.dwg,模型,2020/6/29 星期一 12:23:20,Administrator,AZTPLOT.pc3,A1(841.00 x 594.00 毫米),1:3048,
E:\雍成伟\2020\东颖模具\施工图\图审前\1#厂房\东颖电子结构0625.dwg,模型,2020/6/29 星期一 12:23:24,Administrator,AZTPLOT.pc3,A1(841.00 x 594.00 毫米),1:2540,
E:\雍成伟\2020\东颖模具\施工图\图审前\1#厂房\东颖电子结构0625.dwg,模型,2020/6/29 星期一 12:23:27,Administrator,AZTPLOT.pc3,A1(841.00 x 594.00 毫米),1:3048,
E:\雍成伟\2020\东颖模具\施工图\图审前\1#厂房\东颖电子结构0625.dwg,模型,2020/6/29 星期一 12:23:31,Administrator,AZTPLOT.pc3,A1(841.00 x 594.00 毫米),1:3048,
E:\雍成伟\2020\东颖模具\施工图\图审前\1#厂房\东颖电子结构0625.dwg,模型,2020/6/29 星期一 12:23:34,Administrator,AZTPLOT.pc3,A1(841.00 x 594.00 毫米),1:3048,
E:\雍成伟\2020\东颖模具\施工图\图审前\1#厂房\东颖电子结构0625.dwg,模型,2020/6/29 星期一 12:23:38,Administrator,AZTPLOT.pc3,A1(841.00 x 594.00 毫米),1:3048,
E:\雍成伟\2020\东颖模具\施工图\图审前\1#厂房\东颖电子结构0625.dwg,模型,2020/6/29 星期一 12:23:41,Administrator,AZTPLOT.pc3,A1(841.00 x 594.00 毫米),1:3048,
E:\雍成伟\2020\东颖模具\施工图\图审前\1#厂房\东颖电子结构0625.dwg,模型,2020/6/29 星期一 12:23:45,Administrator,AZTPLOT.pc3,A1(841.00 x 594.00 毫米),1:3048,
E:\雍成伟\2020\东颖模具\施工图\图审前\1#厂房\东颖电子结构0625.dwg,模型,2020/6/29 星期一 12:23:49,Administrator,AZTPLOT.pc3,A2(594.00 x 420.00 毫米),1:2540,
E:\雍成伟\2020\东颖模具\施工图\图审前\1#厂房\东颖电子1#厂房水_t3.dwg,模型,2020/6/29 星期一 12:25:51,Administrator,AZTPLOT.pc3,A2(594.00 x 420.00 毫米),1:5080,
E:\雍成伟\2020\东颖模具\施工图\图审前\1#厂房\东颖电子1#厂房水_t3.dwg,模型,2020/6/29 星期一 12:25:54,Administrator,AZTPLOT.pc3,A2(594.00 x 420.00 毫米),1:5080,
E:\雍成伟\2020\东颖模具\施工图\图审前\1#厂房\东颖电子1#厂房水_t3.dwg,模型,2020/6/29 星期一 12:25:56,Administrator,AZTPLOT.pc3,A2+1-2(891.00 x 420.00 毫米),1:5080,
E:\雍成伟\2020\东颖模具\施工图\图审前\1#厂房\东颖电子1#厂房水_t3.dwg,模型,2020/6/29 星期一 12:25:59,Administrator,AZTPLOT.pc3,A2+1-2(891.00 x 420.00 毫米),1:5080,
E:\雍成伟\2020\东颖模具\施工图\图审前\1#厂房\东颖电子1#厂房水_t3.dwg,模型,2020/6/29 星期一 12:26:03,Administrator,AZTPLOT.pc3,A2(594.00 x 420.00 毫米),1:5080,
E:\雍成伟\2020\东颖模具\施工图\图审前\1#厂房\东颖电子1#厂房电气_t3.dwg,模型,2020/6/29 星期一 12:27:31,Administrator,AZTPLOT.pc3,A2(594.00 x 420.00 毫米),1:5080,
E:\雍成伟\2020\东颖模具\施工图\图审前\1#厂房\东颖电子1#厂房电气_t3.dwg,模型,2020/6/29 星期一 12:27:34,Administrator,AZTPLOT.pc3,A2(594.00 x 420.00 毫米),1:5080,
E:\雍成伟\2020\东颖模具\施工图\图审前\1#厂房\东颖电子1#厂房电气_t3.dwg,模型,2020/6/29 星期一 12:27:37,Administrator,AZTPLOT.pc3,A2(594.00 x 420.00 毫米),1:5080,
E:\雍成伟\2020\东颖模具\施工图\图审前\1#厂房\东颖电子1#厂房电气_t3.dwg,模型,2020/6/29 星期一 12:27:40,Administrator,AZTPLOT.pc3,A2(594.00 x 420.00 毫米),1:5080,
E:\雍成伟\2020\东颖模具\施工图\图审前\1#厂房\东颖电子1#厂房电气_t3.dwg,模型,2020/6/29 星期一 12:27:42,Administrator,AZTPLOT.pc3,A2+1-4(743.00 x 420.00 毫米),1:5080,
E:\雍成伟\2020\东颖模具\施工图\图审前\1#厂房\东颖电子1#厂房电气_t3.dwg,模型,2020/6/29 星期一 12:27:46,Administrator,AZTPLOT.pc3,A2+1-4(743.00 x 420.00 毫米),1:5080,
E:\雍成伟\2020\东颖模具\施工图\图审前\1#厂房\东颖电子1#厂房电气_t3.dwg,模型,2020/6/29 星期一 12:27:48,Administrator,AZTPLOT.pc3,A2+1-4(743.00 x 420.00 毫米),1:5080,
E:\雍成伟\2020\东颖模具\施工图\图审前\1#厂房\东颖电子1#厂房电气_t3.dwg,模型,2020/6/29 星期一 12:27:51,Administrator,AZTPLOT.pc3,A2+1-4(743.00 x 420.00 毫米),1:5080,
