E:\1.工程蓝图\4-妇幼保健院\新建设备罩棚分解图.dwg,Model,2000-09-13 13:40:40,Administrator,Default Windows System Printer.pc3,A3,1:10.9805,
E:\1.工程蓝图\4-妇幼保健院\新建设备罩棚分解图.dwg,Model,2000-09-13 13:41:05,Administrator,Default Windows System Printer.pc3,A3,1:109.805,
E:\1.工程蓝图\4-妇幼保健院\新建设备罩棚分解图.dwg,Model,2000-09-13 13:41:20,Administrator,Default Windows System Printer.pc3,A3,1:29.2814,
E:\1.工程蓝图\4-妇幼保健院\新建设备罩棚分解图.dwg,Model,2000-09-13 13:41:39,Administrator,Default Windows System Printer.pc3,A3,1:29.2814,
E:\1.工程蓝图\4-妇幼保健院\新建设备罩棚分解图.dwg,Model,2000-09-13 13:41:54,Administrator,Default Windows System Printer.pc3,A3,1:29.2814,
E:\1.工程蓝图\4-妇幼保健院\新建设备罩棚分解图.dwg,Model,2000-09-13 13:42:09,Administrator,Default Windows System Printer.pc3,A3,1:29.2814,
E:\1.工程蓝图\4-妇幼保健院\新建设备罩棚分解图.dwg,Model,2000-09-13 13:42:29,Administrator,Default Windows System Printer.pc3,A3,1:29.2814,
E:\1.工程蓝图\4-妇幼保健院\新建设备罩棚分解图.dwg,Model,2000-09-13 13:42:58,Administrator,Default Windows System Printer.pc3,A3,1:29.2814,
E:\1.工程蓝图\4-妇幼保健院\新建设备罩棚分解图.dwg,Model,2000-09-13 13:43:16,Administrator,Default Windows System Printer.pc3,A3,1:29.2814,
E:\1.工程蓝图\4-妇幼保健院\新建设备罩棚分解图.dwg,Model,2000-09-13 13:43:29,Administrator,Default Windows System Printer.pc3,A3,1:29.2814,
E:\1.工程蓝图\4-妇幼保健院\新建设备罩棚分解图.dwg,Model,2000-09-13 13:43:44,Administrator,Default Windows System Printer.pc3,A3,1:29.2814,
E:\1.工程蓝图\4-妇幼保健院\新建设备罩棚分解图.dwg,Model,2000-09-13 13:43:57,Administrator,Default Windows System Printer.pc3,A3,1:29.2814,
E:\1.工程蓝图\4-妇幼保健院\新建设备罩棚分解图.dwg,Model,2000-09-13 13:44:17,Administrator,Default Windows System Printer.pc3,A3,1:29.2814,
E:\1.工程蓝图\4-妇幼保健院\新建设备罩棚分解图.dwg,Model,2000-09-13 13:44:29,Administrator,Default Windows System Printer.pc3,A3,1:29.2814,
E:\1.工程蓝图\4-妇幼保健院\新建设备罩棚分解图.dwg,Model,2000-09-13 13:44:43,Administrator,Default Windows System Printer.pc3,A3,1:29.2814,
E:\1.工程蓝图\4-妇幼保健院\新建设备罩棚分解图.dwg,Model,2000-09-13 13:45:18,Administrator,Default Windows System Printer.pc3,A3,1:29.2814,
E:\1.工程蓝图\4-妇幼保健院\新建设备罩棚分解图.dwg,Model,2000-09-13 13:45:35,Administrator,Default Windows System Printer.pc3,A3,1:29.2814,
E:\1.工程蓝图\4-妇幼保健院\新建设备罩棚分解图.dwg,Model,2000-09-13 14:23:45,Administrator,Default Windows System Printer.pc3,A3,1:29.2814,
E:\1.工程蓝图\4-妇幼保健院\新建设备罩棚分解图.dwg,Model,2000-09-13 14:24:00,Administrator,Default Windows System Printer.pc3,A3,1:29.2814,
E:\1.工程蓝图\4-妇幼保健院\新建设备罩棚分解图.dwg,Model,2000-09-13 14:24:17,Administrator,Default Windows System Printer.pc3,A3,1:29.2814,
E:\1.工程蓝图\4-妇幼保健院\新建设备罩棚分解图.dwg,Model,2000-09-13 14:24:43,Administrator,Default Windows System Printer.pc3,A3,1:29.2814,
E:\1.工程蓝图\4-妇幼保健院\新建设备罩棚分解图.dwg,Model,2000-09-13 14:25:10,Administrator,Default Windows System Printer.pc3,A3,1:29.2814,
E:\1.工程蓝图\4-妇幼保健院\新建设备罩棚分解图.dwg,Model,2000-09-13 14:25:46,Administrator,Default Windows System Printer.pc3,A3,1:109.805,
E:\1.工程蓝图\4-妇幼保健院\新建设备罩棚分解图.dwg,Model,2000-09-13 14:26:16,Administrator,Default Windows System Printer.pc3,A3,1:29.2814,
E:\1.工程蓝图\4-妇幼保健院\新建设备罩棚分解图.dwg,Model,2000-09-13 14:26:49,Administrator,Default Windows System Printer.pc3,A3,1:29.2814,
E:\1.工程蓝图\4-妇幼保健院\新建设备罩棚分解图.dwg,Model,2000-09-13 14:27:20,Administrator,Default Windows System Printer.pc3,A3,1:109.805,
E:\1.工程蓝图\4-妇幼保健院\新建设备罩棚分解图.dwg,Model,2000-09-13 14:27:38,Administrator,Default Windows System Printer.pc3,A3,1:73.2034,
E:\1.工程蓝图\4-妇幼保健院\新建设备罩棚分解图.dwg,Model,2000-09-13 14:30:59,Administrator,Default Windows System Printer.pc3,A3,1:29.2814,
E:\1.工程蓝图\4-妇幼保健院\新建设备罩棚分解图.dwg,Model,2000-09-13 15:50:17,Administrator,Default Windows System Printer.pc3,A3,1:109.805,
E:\1.工程蓝图\4-妇幼保健院\新建设备罩棚分解图.dwg,Model,2000-09-13 15:50:36,Administrator,Default Windows System Printer.pc3,A3,1:109.805,
E:\1.工程蓝图\4-妇幼保健院\新建设备罩棚分解图.dwg,Model,2000-09-14 08:26:18,Administrator,Default Windows System Printer.pc3,A3,1:29.393,
E:\1.工程蓝图\3-鑫旺塑业\鑫旺2#厂房分解图.dwg,Model,2000-09-16 10:46:38,Administrator,Default Windows System Printer.pc3,A3,1:73.2034,
E:\1.工程蓝图\3-鑫旺塑业\鑫旺2#厂房分解图.dwg,Model,2000-09-16 10:46:56,Administrator,Default Windows System Printer.pc3,A3,1:73.2034,
E:\1.工程蓝图\3-鑫旺塑业\鑫旺2#厂房分解图.dwg,Model,2000-09-16 10:47:12,Administrator,Default Windows System Printer.pc3,A3,1:73.2034,
E:\1.工程蓝图\3-鑫旺塑业\鑫旺2#厂房分解图.dwg,Model,2000-09-16 10:47:25,Administrator,Default Windows System Printer.pc3,A3,1:73.2034,
E:\1.工程蓝图\3-鑫旺塑业\鑫旺2#厂房分解图.dwg,Model,2000-09-16 10:47:40,Administrator,Default Windows System Printer.pc3,A3,1:73.2034,
E:\1.工程蓝图\3-鑫旺塑业\鑫旺2#厂房分解图.dwg,Model,2000-09-16 10:47:55,Administrator,Default Windows System Printer.pc3,A3,1:73.2034,
E:\1.工程蓝图\3-鑫旺塑业\鑫旺2#厂房分解图.dwg,Model,2000-09-16 10:48:08,Administrator,Default Windows System Printer.pc3,A3,1:73.2034,
E:\1.工程蓝图\3-鑫旺塑业\鑫旺2#厂房分解图.dwg,Model,2000-09-16 10:48:24,Administrator,Default Windows System Printer.pc3,A3,1:73.2034,
E:\1.工程蓝图\3-鑫旺塑业\鑫旺2#厂房分解图.dwg,Model,2000-09-16 10:48:40,Administrator,Default Windows System Printer.pc3,A3,1:73.2034,
E:\1.工程蓝图\3-鑫旺塑业\鑫旺2#厂房分解图.dwg,Model,2000-09-16 10:48:54,Administrator,Default Windows System Printer.pc3,A3,1:73.2034,
E:\1.工程蓝图\3-鑫旺塑业\鑫旺2#厂房分解图.dwg,Model,2000-09-16 10:49:07,Administrator,Default Windows System Printer.pc3,A3,1:73.2034,
E:\1.工程蓝图\3-鑫旺塑业\鑫旺2#厂房分解图.dwg,Model,2000-09-16 10:49:33,Administrator,Default Windows System Printer.pc3,A3,1:73.2034,
E:\1.工程蓝图\3-鑫旺塑业\鑫旺2#厂房分解图.dwg,Model,2000-09-16 10:49:50,Administrator,Default Windows System Printer.pc3,A3,1:73.2034,
E:\1.工程蓝图\3-鑫旺塑业\鑫旺2#厂房分解图.dwg,Model,2000-09-16 10:50:04,Administrator,Default Windows System Printer.pc3,A3,1:73.2034,
E:\1.工程蓝图\3-鑫旺塑业\鑫旺2#厂房分解图.dwg,Model,2000-09-16 10:50:18,Administrator,Default Windows System Printer.pc3,A3,1:73.2034,
E:\1.工程蓝图\3-鑫旺塑业\鑫旺2#厂房分解图.dwg,Model,2000-09-16 10:50:30,Administrator,Default Windows System Printer.pc3,A3,1:73.2034,
E:\1.工程蓝图\3-鑫旺塑业\鑫旺2#厂房分解图.dwg,Model,2000-09-16 10:50:44,Administrator,Default Windows System Printer.pc3,A3,1:73.2034,
E:\1.工程蓝图\3-鑫旺塑业\鑫旺2#厂房分解图.dwg,Model,2000-09-16 10:50:55,Administrator,Default Windows System Printer.pc3,A3,1:73.2034,
E:\1.工程蓝图\3-鑫旺塑业\鑫旺2#厂房分解图.dwg,Model,2000-09-16 10:51:08,Administrator,Default Windows System Printer.pc3,A3,1:73.2034,
E:\1.工程蓝图\3-鑫旺塑业\鑫旺2#厂房分解图.dwg,Model,2000-09-16 10:51:21,Administrator,Default Windows System Printer.pc3,A3,1:73.2034,
E:\1.工程蓝图\3-鑫旺塑业\鑫旺2#厂房分解图.dwg,Model,2000-09-16 10:51:37,Administrator,Default Windows System Printer.pc3,A3,1:73.2034,
E:\1.工程蓝图\3-鑫旺塑业\鑫旺2#厂房分解图.dwg,Model,2000-09-16 10:51:53,Administrator,Default Windows System Printer.pc3,A3,1:183.009,
E:\1.工程蓝图\3-鑫旺塑业\鑫旺2#厂房分解图.dwg,Model,2000-09-16 10:52:15,Administrator,Default Windows System Printer.pc3,A3,1:146.407,
E:\1.工程蓝图\3-鑫旺塑业\鑫旺2#厂房分解图.dwg,Model,2000-09-16 10:52:44,Administrator,Default Windows System Printer.pc3,A3,1:109.805,
E:\1.工程蓝图\3-鑫旺塑业\鑫旺2#厂房分解图.dwg,Model,2000-09-16 10:52:57,Administrator,Default Windows System Printer.pc3,A3,1:109.805,
E:\1.工程蓝图\3-鑫旺塑业\鑫旺2#厂房分解图.dwg,Model,2000-09-16 10:53:15,Administrator,Default Windows System Printer.pc3,A3,1:10.9805,
C:\Users\Administrator\Desktop\华菱精工过道最终版.dwg,Model,2000-09-17 10:46:35,Administrator,Default Windows System Printer.pc3,A3,1:381.706,
C:\Users\Administrator\Desktop\华菱精工过道最终版.dwg,Model,2000-09-17 10:46:53,Administrator,Default Windows System Printer.pc3,A3,1:80.9477,
C:\Users\Administrator\Desktop\华菱精工过道最终版.dwg,Model,2000-09-17 10:47:11,Administrator,Default Windows System Printer.pc3,A3,1:381.706,
C:\Users\Administrator\Desktop\华菱精工过道最终版.dwg,Model,2000-09-17 10:47:27,Administrator,Default Windows System Printer.pc3,A3,1:381.706,
C:\Users\Administrator\Desktop\华菱精工过道最终版.dwg,Model,2000-09-17 10:47:43,Administrator,Default Windows System Printer.pc3,A3,1:65.8526,
C:\Users\Administrator\Desktop\华菱精工过道最终版.dwg,Model,2000-09-17 10:48:00,Administrator,Default Windows System Printer.pc3,A3,1:66.7159,
C:\Users\Administrator\Desktop\华菱精工过道最终版.dwg,Model,2000-09-17 10:48:17,Administrator,Default Windows System Printer.pc3,A3,1:381.706,
C:\Users\Administrator\Desktop\华菱精工过道最终版.dwg,Model,2000-09-17 10:49:15,Administrator,Default Windows System Printer.pc3,A3,1:289.249,
C:\Users\Administrator\Desktop\华菱精工过道最终版.dwg,Model,2000-09-17 10:49:32,Administrator,Default Windows System Printer.pc3,A3,1:80.9477,
C:\Users\Administrator\Desktop\华菱精工过道最终版.dwg,Model,2000-09-17 10:49:49,Administrator,Default Windows System Printer.pc3,A3,1:289.249,
C:\Users\Administrator\Desktop\华菱精工过道最终版.dwg,Model,2000-09-17 10:50:05,Administrator,Default Windows System Printer.pc3,A3,1:289.249,
C:\Users\Administrator\Desktop\华菱精工过道最终版.dwg,Model,2000-09-17 10:50:23,Administrator,Default Windows System Printer.pc3,A3,1:289.249,
C:\Users\Administrator\Desktop\华菱精工过道最终版.dwg,Model,2000-09-17 10:50:50,Administrator,Default Windows System Printer.pc3,A3,1:65.8526,
E:\1.工程蓝图\4-妇幼保健院\新建设备罩棚分解图.dwg,Model,2000-09-28 09:11:34,Administrator,Default Windows System Printer.pc3,A3,1:25.6212,
E:\1.工程蓝图\4-妇幼保健院\新建设备罩棚分解图.dwg,Model,2000-09-28 09:11:50,Administrator,Default Windows System Printer.pc3,A3,1:25.6212,
E:\1.工程蓝图\4-妇幼保健院\新建设备罩棚分解图.dwg,Model,2000-09-28 09:12:06,Administrator,Default Windows System Printer.pc3,A3,1:25.6212,
E:\1.工程蓝图\4-妇幼保健院\新建设备罩棚分解图.dwg,Model,2000-09-28 09:12:20,Administrator,Default Windows System Printer.pc3,A3,1:25.6212,
E:\1.工程蓝图\4-妇幼保健院\新建设备罩棚分解图.dwg,Model,2000-09-28 09:12:36,Administrator,Default Windows System Printer.pc3,A3,1:29.2814,
E:\1.工程蓝图\4-妇幼保健院\新建设备罩棚分解图.dwg,Model,2000-09-28 09:12:49,Administrator,Default Windows System Printer.pc3,A3,1:29.2814,
E:\1.工程蓝图\4-妇幼保健院\新建设备罩棚分解图.dwg,Model,2000-09-28 10:01:35,Administrator,Default Windows System Printer.pc3,A3,1:25.6212,
E:\1.工程蓝图\4-妇幼保健院\新建设备罩棚分解图.dwg,Model,2000-09-28 10:02:08,Administrator,Default Windows System Printer.pc3,A3,1:25.6212,
E:\1.工程蓝图\4-妇幼保健院\新建设备罩棚分解图.dwg,Model,2000-09-28 10:03:26,Administrator,Default Windows System Printer.pc3,A3,1:29.2814,
E:\1.工程蓝图\5-祥瑞钢构\祥瑞钢构厂拓建厂房分解图.dwg,Model,2000-09-29 13:59:59,Administrator,Default Windows System Printer.pc3,A3,1:197.649,
E:\1.工程蓝图\5-祥瑞钢构\祥瑞钢构厂拓建厂房分解图.dwg,Model,2000-09-29 14:00:13,Administrator,Default Windows System Printer.pc3,A3,1:146.407,
E:\1.工程蓝图\5-祥瑞钢构\祥瑞钢构厂拓建厂房分解图.dwg,Model,2000-09-29 14:00:31,Administrator,Default Windows System Printer.pc3,A3,1:131.766,
E:\1.工程蓝图\5-祥瑞钢构\祥瑞钢构厂拓建厂房分解图.dwg,Model,2000-09-29 14:00:46,Administrator,Default Windows System Printer.pc3,A3,1:131.766,
E:\1.工程蓝图\5-祥瑞钢构\祥瑞钢构厂拓建厂房分解图.dwg,Model,2000-09-29 14:01:08,Administrator,Default Windows System Printer.pc3,A3,1:36.6017,
E:\1.工程蓝图\5-祥瑞钢构\祥瑞钢构厂拓建厂房分解图.dwg,Model,2000-09-29 14:01:22,Administrator,Default Windows System Printer.pc3,A3,1:36.6017,
E:\1.工程蓝图\5-祥瑞钢构\祥瑞钢构厂拓建厂房分解图.dwg,Model,2000-09-29 14:01:38,Administrator,Default Windows System Printer.pc3,A3,1:36.6017,
E:\1.工程蓝图\5-祥瑞钢构\祥瑞钢构厂拓建厂房分解图.dwg,Model,2000-09-29 14:01:56,Administrator,Default Windows System Printer.pc3,A3,1:36.6017,
E:\1.工程蓝图\5-祥瑞钢构\祥瑞钢构厂拓建厂房分解图.dwg,Model,2000-09-29 14:02:14,Administrator,Default Windows System Printer.pc3,A3,1:36.6017,
E:\1.工程蓝图\5-祥瑞钢构\祥瑞钢构厂拓建厂房分解图.dwg,Model,2000-09-29 14:02:30,Administrator,Default Windows System Printer.pc3,A3,1:36.6017,
E:\1.工程蓝图\5-祥瑞钢构\祥瑞钢构厂拓建厂房分解图.dwg,Model,2000-09-29 14:02:47,Administrator,Default Windows System Printer.pc3,A3,1:36.6017,
E:\1.工程蓝图\2-乾坤钢构\1#车间扩展-分解图.dwg,Model,2000-09-29 14:04:57,Administrator,Default Windows System Printer.pc3,A4,1:125.519,
E:\1.工程蓝图\2-乾坤钢构\1#车间扩展-分解图.dwg,Model,2000-09-29 14:05:07,Administrator,Default Windows System Printer.pc3,A4,1:125.519,
E:\1.工程蓝图\5-祥瑞钢构\祥瑞钢构厂拓建厂房分解图.dwg,Model,2000-09-29 14:07:51,Administrator,Default Windows System Printer.pc3,A3,1:36.6017,
E:\1.工程蓝图\5-祥瑞钢构\祥瑞钢构厂拓建厂房分解图.dwg,Model,2000-09-29 14:08:22,Administrator,Default Windows System Printer.pc3,A3,1:36.6017,
E:\1.工程蓝图\5-祥瑞钢构\祥瑞钢构厂拓建厂房分解图.dwg,Model,2000-09-29 14:12:21,Administrator,Default Windows System Printer.pc3,A3,1:36.6017,
E:\1.工程蓝图\5-祥瑞钢构\祥瑞钢构厂拓建厂房分解图.dwg,Model,2000-09-29 14:12:35,Administrator,Default Windows System Printer.pc3,A3,1:36.6017,
E:\1.工程蓝图\5-祥瑞钢构\祥瑞钢构厂拓建厂房分解图.dwg,Model,2000-09-29 14:12:48,Administrator,Default Windows System Printer.pc3,A3,1:36.6017,
E:\1.工程蓝图\5-祥瑞钢构\祥瑞钢构厂拓建厂房分解图.dwg,Model,2000-09-29 14:13:01,Administrator,Default Windows System Printer.pc3,A3,1:36.6017,
E:\1.工程蓝图\5-祥瑞钢构\祥瑞钢构厂拓建厂房分解图.dwg,Model,2000-09-29 14:13:16,Administrator,Default Windows System Printer.pc3,A3,1:36.6017,
E:\1.工程蓝图\5-祥瑞钢构\祥瑞钢构厂拓建厂房分解图.dwg,Model,2000-09-29 14:13:31,Administrator,Default Windows System Printer.pc3,A3,1:36.6017,
E:\1.工程蓝图\5-祥瑞钢构\祥瑞钢构厂拓建厂房分解图.dwg,Model,2000-09-29 14:13:51,Administrator,Default Windows System Printer.pc3,A3,1:36.6017,
E:\1.工程蓝图\5-祥瑞钢构\祥瑞钢构厂拓建厂房分解图.dwg,Model,2000-09-29 14:14:05,Administrator,Default Windows System Printer.pc3,A3,1:36.6017,
E:\1.工程蓝图\5-祥瑞钢构\祥瑞钢构厂拓建厂房分解图.dwg,Model,2000-09-29 14:14:25,Administrator,Default Windows System Printer.pc3,A3,1:36.6017,
E:\1.工程蓝图\5-祥瑞钢构\祥瑞钢构厂拓建厂房分解图.dwg,Model,2000-09-29 14:14:38,Administrator,Default Windows System Printer.pc3,A3,1:36.6017,
E:\1.工程蓝图\5-祥瑞钢构\祥瑞钢构厂拓建厂房分解图.dwg,Model,2000-09-29 14:15:03,Administrator,Default Windows System Printer.pc3,A3,1:36.6017,
E:\1.工程蓝图\5-祥瑞钢构\祥瑞钢构厂拓建厂房分解图.dwg,Model,2000-09-29 14:15:16,Administrator,Default Windows System Printer.pc3,A3,1:36.6017,
E:\1.工程蓝图\5-祥瑞钢构\祥瑞钢构厂拓建厂房分解图.dwg,Model,2000-09-29 14:15:29,Administrator,Default Windows System Printer.pc3,A3,1:36.6017,
E:\1.工程蓝图\5-祥瑞钢构\祥瑞钢构厂拓建厂房分解图.dwg,Model,2000-09-29 14:15:41,Administrator,Default Windows System Printer.pc3,A3,1:36.6017,
E:\1.工程蓝图\5-祥瑞钢构\祥瑞钢构厂拓建厂房分解图.dwg,Model,2000-09-29 14:15:56,Administrator,Default Windows System Printer.pc3,A3,1:36.6017,
E:\1.工程蓝图\5-祥瑞钢构\祥瑞钢构厂拓建厂房分解图.dwg,Model,2000-09-29 14:16:08,Administrator,Default Windows System Printer.pc3,A3,1:36.6017,
E:\1.工程蓝图\5-祥瑞钢构\祥瑞钢构厂拓建厂房分解图.dwg,Model,2000-09-29 14:16:22,Administrator,Default Windows System Printer.pc3,A3,1:36.6017,
E:\1.工程蓝图\5-祥瑞钢构\祥瑞钢构厂拓建厂房分解图.dwg,Model,2000-09-29 14:17:11,Administrator,Default Windows System Printer.pc3,A3,1:36.6017,
E:\1.工程蓝图\5-祥瑞钢构\祥瑞钢构厂拓建厂房分解图.dwg,Model,2000-09-29 14:17:53,Administrator,Default Windows System Printer.pc3,A3,1:36.6017,
E:\1.工程蓝图\5-祥瑞钢构\祥瑞钢构厂拓建厂房分解图.dwg,Model,2000-09-29 14:18:07,Administrator,Default Windows System Printer.pc3,A3,1:36.6017,
E:\1.工程蓝图\5-祥瑞钢构\祥瑞钢构厂拓建厂房分解图.dwg,Model,2000-09-29 14:18:21,Administrator,Default Windows System Printer.pc3,A3,1:36.6017,
E:\1.工程蓝图\5-祥瑞钢构\祥瑞钢构厂拓建厂房分解图.dwg,Model,2000-09-29 14:18:33,Administrator,Default Windows System Printer.pc3,A3,1:36.6017,
E:\1.工程蓝图\5-祥瑞钢构\祥瑞钢构厂拓建厂房分解图.dwg,Model,2000-09-29 14:18:48,Administrator,Default Windows System Printer.pc3,A3,1:21.961,
E:\1.工程蓝图\5-祥瑞钢构\祥瑞钢构厂拓建厂房分解图.dwg,Model,2000-09-29 14:19:03,Administrator,Default Windows System Printer.pc3,A3,1:21.961,
E:\1.工程蓝图\5-祥瑞钢构\祥瑞钢构厂拓建厂房分解图.dwg,Model,2000-09-29 14:19:15,Administrator,Default Windows System Printer.pc3,A3,1:21.961,
E:\1.工程蓝图\5-祥瑞钢构\祥瑞钢构厂拓建厂房分解图.dwg,Model,2000-09-29 14:19:28,Administrator,Default Windows System Printer.pc3,A3,1:21.961,
E:\1.工程蓝图\5-祥瑞钢构\祥瑞钢构厂拓建厂房分解图.dwg,Model,2000-09-29 14:19:43,Administrator,Default Windows System Printer.pc3,A3,1:36.6017,
E:\1.工程蓝图\5-祥瑞钢构\祥瑞钢构厂拓建厂房分解图.dwg,Model,2000-09-29 14:19:58,Administrator,Default Windows System Printer.pc3,A3,1:36.6017,
E:\1.工程蓝图\2-乾坤钢构\1#车间扩展-分解图.dwg,Model,2000-09-29 14:39:22,Administrator,Default Windows System Printer.pc3,A4,1:96.5265,
E:\1.工程蓝图\2-乾坤钢构\1#车间扩展-分解图.dwg,Model,2000-09-29 14:40:31,Administrator,Default Windows System Printer.pc3,A3,1:75.1538,
E:\1.工程蓝图\4-妇幼保健院\新建设备罩棚分解图.dwg,Model,2000-09-29 14:56:20,Administrator,Default Windows System Printer.pc3,A4,1:5.25212,
E:\1.工程蓝图\4-妇幼保健院\新建设备罩棚分解图.dwg,Model,2000-09-29 15:07:13,Administrator,Default Windows System Printer.pc3,A4,1:5.25212,
E:\1.工程蓝图\11-分解图.dwg,Model,2000-11-01 16:46:33,Administrator,Default Windows System Printer.pc3,A3,1:145.504,
E:\1.工程蓝图\11-分解图.dwg,Model,2000-11-01 16:47:40,Administrator,Default Windows System Printer.pc3,A3,1:155.65,
E:\1.工程蓝图\11-分解图.dwg,Model,2000-11-01 16:48:05,Administrator,Default Windows System Printer.pc3,A3,1:68.1173,
E:\1.工程蓝图\11-分解图.dwg,Model,2000-11-01 16:48:24,Administrator,Default Windows System Printer.pc3,A3,1:33.5865,
E:\1.工程蓝图\11-分解图.dwg,Model,2000-11-01 16:51:43,Administrator,Default Windows System Printer.pc3,A3,1:33.5865,
E:\1.工程蓝图\2-乾坤钢构\1#车间扩展-分解图.dwg,Model,2000-11-02 07:57:23,Administrator,Default Windows System Printer.pc3,A3,1:402.619,
E:\1.工程蓝图\2-乾坤钢构\1#车间扩展-分解图.dwg,Model,2000-11-02 07:58:27,Administrator,Default Windows System Printer.pc3,A3,1:402.619,
