E:\1.工程蓝图\10-乾坤钢构\1#车间扩展-分解图.dwg,Model,2000-06-30 09:06:16,Administrator,Default Windows System Printer.pc3,A4,1:59.5591,
E:\1.工程蓝图\10-乾坤钢构\1#车间扩展-分解图.dwg,Model,2000-07-23 16:50:26,Administrator,Default Windows System Printer.pc3,A3,1:219.61,
E:\1.工程蓝图\10-乾坤钢构\1#车间扩展-分解图.dwg,Model,2000-07-24 08:03:30,Administrator,Default Windows System Printer.pc3,A3,1:158.119,
E:\1.工程蓝图\10-乾坤钢构\1#车间扩展-分解图.dwg,Model,2000-07-24 08:04:38,Administrator,Default Windows System Printer.pc3,A3,1:158.119,
E:\1.工程蓝图\10-乾坤钢构\1#车间扩展-分解图.dwg,Model,2000-07-24 08:04:56,Administrator,Default Windows System Printer.pc3,A3,1:158.119,
E:\1.工程蓝图\10-乾坤钢构\1#车间扩展-分解图.dwg,Model,2000-07-24 08:05:14,Administrator,Default Windows System Printer.pc3,A3,1:158.119,
E:\1.工程蓝图\10-乾坤钢构\1#车间扩展-分解图.dwg,Model,2000-07-24 08:09:47,Administrator,Default Windows System Printer.pc3,A3,1:183.009,
E:\1.工程蓝图\10-乾坤钢构\1#车间扩展-分解图.dwg,Model,2000-07-24 08:10:05,Administrator,Default Windows System Printer.pc3,A3,1:183.009,
E:\1.工程蓝图\10-乾坤钢构\1#车间扩展-分解图.dwg,Model,2000-07-24 08:10:22,Administrator,Default Windows System Printer.pc3,A3,1:183.009,
E:\1.工程蓝图\10-乾坤钢构\1#车间扩展-分解图.dwg,Model,2000-07-24 08:10:44,Administrator,Default Windows System Printer.pc3,A3,1:183.009,
E:\1.工程蓝图\10-乾坤钢构\1#车间扩展-分解图.dwg,Model,2000-07-26 10:41:01,Administrator,Default Windows System Printer.pc3,A4,1:59.5591,
E:\1.工程蓝图\10-乾坤钢构\1#车间扩展-分解图.dwg,Model,2000-07-26 10:41:49,Administrator,Default Windows System Printer.pc3,A4,1:59.5591,
E:\1.工程蓝图\10-乾坤钢构\1#车间扩展-分解图.dwg,Model,2000-07-26 10:42:04,Administrator,Default Windows System Printer.pc3,A4,1:59.5591,
E:\1.工程蓝图\10-乾坤钢构\1#车间扩展-分解图.dwg,Model,2000-07-31 08:22:13,Administrator,Default Windows System Printer.pc3,A3,1:183.009,
E:\1.工程蓝图\10-乾坤钢构\1#车间扩展-分解图.dwg,Model,2000-07-31 08:22:32,Administrator,Default Windows System Printer.pc3,A3,1:183.009,
E:\1.工程蓝图\10-乾坤钢构\1#车间扩展-分解图.dwg,Model,2000-07-31 08:22:47,Administrator,Default Windows System Printer.pc3,A3,1:183.009,
E:\1.工程蓝图\10-乾坤钢构\1#车间扩展-分解图.dwg,Model,2000-07-31 08:23:08,Administrator,Default Windows System Printer.pc3,A3,1:183.009,
E:\1.工程蓝图\10-乾坤钢构\1#车间扩展-分解图.dwg,Model,2000-07-31 08:23:25,Administrator,Default Windows System Printer.pc3,A3,1:183.009,
E:\1.工程蓝图\10-乾坤钢构\1#车间扩展-分解图.dwg,Model,2000-07-31 08:23:42,Administrator,Default Windows System Printer.pc3,A3,1:183.009,
E:\1.工程蓝图\10-乾坤钢构\1#车间扩展-分解图.dwg,Model,2000-07-31 08:23:55,Administrator,Default Windows System Printer.pc3,A3,1:183.009,
E:\1.工程蓝图\10-乾坤钢构\1#车间扩展-分解图.dwg,Model,2000-07-31 08:24:07,Administrator,Default Windows System Printer.pc3,A3,1:183.009,
E:\1.工程蓝图\10-乾坤钢构\1#车间扩展-分解图.dwg,Model,2000-07-31 08:24:23,Administrator,Default Windows System Printer.pc3,A3,1:183.009,
E:\1.工程蓝图\10-乾坤钢构\1#车间扩展-分解图.dwg,Model,2000-07-31 08:24:39,Administrator,Default Windows System Printer.pc3,A3,1:183.009,
E:\1.工程蓝图\10-乾坤钢构\1#车间扩展-分解图.dwg,Model,2000-07-31 08:24:53,Administrator,Default Windows System Printer.pc3,A3,1:183.009,
E:\1.工程蓝图\10-乾坤钢构\1#车间扩展-分解图.dwg,Model,2000-07-31 08:25:06,Administrator,Default Windows System Printer.pc3,A3,1:183.009,
E:\1.工程蓝图\10-乾坤钢构\1#车间扩展-分解图.dwg,Model,2000-07-31 08:25:42,Administrator,Default Windows System Printer.pc3,A3,1:146.407,
E:\1.工程蓝图\10-乾坤钢构\1#车间扩展-分解图.dwg,Model,2000-07-31 08:25:58,Administrator,Default Windows System Printer.pc3,A3,1:146.407,
E:\1.工程蓝图\10-乾坤钢构\1#车间扩展-分解图.dwg,Model,2000-07-31 08:26:25,Administrator,Default Windows System Printer.pc3,A3,1:146.407,
E:\1.工程蓝图\10-乾坤钢构\1#车间扩展-分解图.dwg,Model,2000-07-31 08:26:53,Administrator,Default Windows System Printer.pc3,A3,1:146.407,
E:\1.工程蓝图\10-乾坤钢构\1#车间扩展-分解图.dwg,Model,2000-07-31 08:27:13,Administrator,Default Windows System Printer.pc3,A3,1:146.407,
E:\1.工程蓝图\10-乾坤钢构\1#车间扩展-分解图.dwg,Model,2000-07-31 08:27:26,Administrator,Default Windows System Printer.pc3,A3,1:146.407,
E:\1.工程蓝图\10-乾坤钢构\1#车间扩展-分解图.dwg,Model,2000-07-31 08:27:49,Administrator,Default Windows System Printer.pc3,A3,1:146.407,
E:\1.工程蓝图\10-乾坤钢构\1#车间扩展-分解图.dwg,Model,2000-07-31 08:28:06,Administrator,Default Windows System Printer.pc3,A3,1:146.407,
E:\1.工程蓝图\10-乾坤钢构\1#车间扩展-分解图.dwg,Model,2000-07-31 08:30:02,Administrator,Default Windows System Printer.pc3,A3,1:158.119,
E:\1.工程蓝图\10-乾坤钢构\1#车间扩展-分解图.dwg,Model,2000-07-31 08:30:23,Administrator,Default Windows System Printer.pc3,A3,1:158.119,
E:\1.工程蓝图\10-乾坤钢构\1#车间扩展-分解图.dwg,Model,2000-07-31 09:05:18,Administrator,Default Windows System Printer.pc3,A3,1:378.552,
E:\1.工程蓝图\10-乾坤钢构\1#车间扩展-分解图.dwg,Model,2000-07-31 09:14:46,Administrator,Default Windows System Printer.pc3,A3,1:402.619,
E:\1.工程蓝图\10-乾坤钢构\1#车间扩展-分解图.dwg,Model,2000-07-31 09:15:47,Administrator,Default Windows System Printer.pc3,A3,1:402.619,
E:\1.工程蓝图\10-乾坤钢构\1#车间扩展-分解图.dwg,Model,2000-07-31 09:17:02,Administrator,Default Windows System Printer.pc3,A3,1:402.619,
E:\1.工程蓝图\10-乾坤钢构\1#车间扩展-分解图.dwg,Model,2000-08-01 13:17:07,Administrator,Default Windows System Printer.pc3,A4,1:59.5591,
E:\1.工程蓝图\10-乾坤钢构\1#车间扩展-分解图.dwg,Model,2000-08-01 15:22:16,Administrator,Default Windows System Printer.pc3,A3,1:183.009,
E:\1.工程蓝图\10-乾坤钢构\1#车间扩展-分解图.dwg,Model,2000-08-01 15:22:37,Administrator,Default Windows System Printer.pc3,A3,1:183.009,
E:\1.工程蓝图\10-乾坤钢构\1#车间扩展-分解图.dwg,Model,2000-08-01 15:22:58,Administrator,Default Windows System Printer.pc3,A3,1:183.009,
E:\1.工程蓝图\10-乾坤钢构\1#车间扩展-分解图.dwg,Model,2000-08-01 15:23:13,Administrator,Default Windows System Printer.pc3,A3,1:183.009,
E:\1.工程蓝图\10-乾坤钢构\1#车间扩展-分解图.dwg,Model,2000-08-01 15:23:29,Administrator,Default Windows System Printer.pc3,A3,1:183.009,
E:\1.工程蓝图\10-乾坤钢构\1#车间扩展-分解图.dwg,Model,2000-08-01 15:23:44,Administrator,Default Windows System Printer.pc3,A3,1:183.009,
E:\1.工程蓝图\10-乾坤钢构\1#车间扩展-分解图.dwg,Model,2000-08-01 15:23:59,Administrator,Default Windows System Printer.pc3,A3,1:183.009,
E:\1.工程蓝图\10-乾坤钢构\1#车间扩展-分解图.dwg,Model,2000-08-01 15:24:16,Administrator,Default Windows System Printer.pc3,A3,1:183.009,
E:\1.工程蓝图\10-乾坤钢构\1#车间扩展-分解图.dwg,Model,2000-08-01 15:24:34,Administrator,Default Windows System Printer.pc3,A3,1:183.009,
E:\1.工程蓝图\10-乾坤钢构\1#车间扩展-分解图.dwg,Model,2000-08-01 15:24:58,Administrator,Default Windows System Printer.pc3,A3,1:183.009,
E:\1.工程蓝图\10-乾坤钢构\1#车间扩展-分解图.dwg,Model,2000-08-01 15:25:14,Administrator,Default Windows System Printer.pc3,A3,1:183.009,
E:\1.工程蓝图\10-乾坤钢构\1#车间扩展-分解图.dwg,Model,2000-08-01 15:25:32,Administrator,Default Windows System Printer.pc3,A3,1:183.009,
E:\1.工程蓝图\10-乾坤钢构\1#车间扩展-分解图.dwg,Model,2000-08-01 15:25:51,Administrator,Default Windows System Printer.pc3,A3,1:183.009,
E:\1.工程蓝图\10-乾坤钢构\1#车间扩展-分解图.dwg,Model,2000-08-01 15:26:07,Administrator,Default Windows System Printer.pc3,A3,1:183.009,
E:\1.工程蓝图\10-乾坤钢构\1#车间扩展-分解图.dwg,Model,2000-08-01 15:26:41,Administrator,Default Windows System Printer.pc3,A3,1:183.009,
E:\1.工程蓝图\10-乾坤钢构\1#车间扩展-分解图.dwg,Model,2000-08-01 15:27:26,Administrator,Default Windows System Printer.pc3,A3,1:146.407,
E:\1.工程蓝图\10-乾坤钢构\1#车间扩展-分解图.dwg,Model,2000-08-01 15:27:48,Administrator,Default Windows System Printer.pc3,A3,1:146.407,
E:\1.工程蓝图\10-乾坤钢构\1#车间扩展-分解图.dwg,Model,2000-08-01 15:28:16,Administrator,Default Windows System Printer.pc3,A3,1:146.407,
E:\1.工程蓝图\10-乾坤钢构\1#车间扩展-分解图.dwg,Model,2000-08-01 15:28:29,Administrator,Default Windows System Printer.pc3,A3,1:146.407,
E:\1.工程蓝图\10-乾坤钢构\1#车间扩展-分解图.dwg,Model,2000-08-01 15:28:53,Administrator,Default Windows System Printer.pc3,A3,1:146.407,
E:\1.工程蓝图\10-乾坤钢构\1#车间扩展-分解图.dwg,Model,2000-08-01 15:29:09,Administrator,Default Windows System Printer.pc3,A3,1:146.407,
E:\1.工程蓝图\10-乾坤钢构\1#车间扩展-分解图.dwg,Model,2000-08-01 15:29:34,Administrator,Default Windows System Printer.pc3,A3,1:146.407,
E:\1.工程蓝图\10-乾坤钢构\1#车间扩展-分解图.dwg,Model,2000-08-01 15:29:49,Administrator,Default Windows System Printer.pc3,A3,1:146.407,
E:\1.工程蓝图\10-乾坤钢构\1#车间扩展-分解图.dwg,Model,2000-08-01 15:32:29,Administrator,Default Windows System Printer.pc3,A3,1:402.619,
E:\1.工程蓝图\10-乾坤钢构\1#车间扩展-分解图.dwg,Model,2000-08-01 15:32:53,Administrator,Default Windows System Printer.pc3,A3,1:402.619,
E:\1.工程蓝图\10-乾坤钢构\1#车间扩展-分解图.dwg,Model,2000-08-01 15:34:51,Administrator,Default Windows System Printer.pc3,A3,1:402.619,
E:\1.工程蓝图\10-乾坤钢构\1#车间扩展-分解图.dwg,Model,2000-08-01 16:27:54,Administrator,Default Windows System Printer.pc3,A3,1:223.626,
E:\1.工程蓝图\10-乾坤钢构\1#车间扩展-分解图.dwg,Model,2000-08-01 16:28:11,Administrator,Default Windows System Printer.pc3,A3,1:223.626,
E:\1.工程蓝图\10-乾坤钢构\1#车间扩展-分解图.dwg,Model,2000-08-01 16:28:53,Administrator,Default Windows System Printer.pc3,A3,1:158.119,
E:\1.工程蓝图\10-乾坤钢构\1#车间扩展-分解图.dwg,Model,2000-08-01 16:29:07,Administrator,Default Windows System Printer.pc3,A3,1:158.119,
E:\1.工程蓝图\10-乾坤钢构\1#车间扩展-分解图.dwg,Model,2000-08-02 10:12:09,Administrator,Default Windows System Printer.pc3,A3,1:183.009,
E:\1.工程蓝图\10-乾坤钢构\1#车间扩展-分解图.dwg,Model,2000-08-02 10:12:44,Administrator,Default Windows System Printer.pc3,A3,1:183.009,
E:\1.工程蓝图\10-乾坤钢构\1#车间扩展-分解图.dwg,Model,2000-08-02 10:12:59,Administrator,Default Windows System Printer.pc3,A3,1:183.009,
E:\1.工程蓝图\10-乾坤钢构\1#车间扩展-分解图.dwg,Model,2000-08-02 10:13:13,Administrator,Default Windows System Printer.pc3,A3,1:183.009,
E:\1.工程蓝图\10-乾坤钢构\1#车间扩展-分解图.dwg,Model,2000-08-02 10:13:28,Administrator,Default Windows System Printer.pc3,A3,1:183.009,
E:\1.工程蓝图\10-乾坤钢构\1#车间扩展-分解图.dwg,Model,2000-08-02 10:13:43,Administrator,Default Windows System Printer.pc3,A3,1:183.009,
E:\1.工程蓝图\10-乾坤钢构\1#车间扩展-分解图.dwg,Model,2000-08-02 10:13:56,Administrator,Default Windows System Printer.pc3,A3,1:183.009,
E:\1.工程蓝图\10-乾坤钢构\1#车间扩展-分解图.dwg,Model,2000-08-02 10:14:12,Administrator,Default Windows System Printer.pc3,A3,1:183.009,
E:\1.工程蓝图\10-乾坤钢构\1#车间扩展-分解图.dwg,Model,2000-08-02 10:14:27,Administrator,Default Windows System Printer.pc3,A3,1:183.009,
E:\1.工程蓝图\10-乾坤钢构\1#车间扩展-分解图.dwg,Model,2000-08-02 10:14:41,Administrator,Default Windows System Printer.pc3,A3,1:183.009,
E:\1.工程蓝图\10-乾坤钢构\1#车间扩展-分解图.dwg,Model,2000-08-02 10:14:55,Administrator,Default Windows System Printer.pc3,A3,1:183.009,
E:\1.工程蓝图\10-乾坤钢构\1#车间扩展-分解图.dwg,Model,2000-08-02 10:15:11,Administrator,Default Windows System Printer.pc3,A3,1:183.009,
E:\1.工程蓝图\10-乾坤钢构\1#车间扩展-分解图.dwg,Model,2000-08-02 10:15:24,Administrator,Default Windows System Printer.pc3,A3,1:183.009,
E:\1.工程蓝图\10-乾坤钢构\1#车间扩展-分解图.dwg,Model,2000-08-02 10:15:36,Administrator,Default Windows System Printer.pc3,A3,1:183.009,
E:\1.工程蓝图\10-乾坤钢构\1#车间扩展-分解图.dwg,Model,2000-08-02 10:15:50,Administrator,Default Windows System Printer.pc3,A3,1:183.009,
E:\1.工程蓝图\10-乾坤钢构\1#车间扩展-分解图.dwg,Model,2000-08-02 10:18:22,Administrator,Default Windows System Printer.pc3,A3,1:146.407,
E:\1.工程蓝图\10-乾坤钢构\1#车间扩展-分解图.dwg,Model,2000-08-02 10:18:37,Administrator,Default Windows System Printer.pc3,A3,1:146.407,
E:\1.工程蓝图\10-乾坤钢构\1#车间扩展-分解图.dwg,Model,2000-08-02 10:19:21,Administrator,Default Windows System Printer.pc3,A3,1:146.407,
E:\1.工程蓝图\10-乾坤钢构\1#车间扩展-分解图.dwg,Model,2000-08-02 10:19:35,Administrator,Default Windows System Printer.pc3,A3,1:146.407,
E:\1.工程蓝图\10-乾坤钢构\1#车间扩展-分解图.dwg,Model,2000-08-02 10:19:50,Administrator,Default Windows System Printer.pc3,A3,1:146.407,
E:\1.工程蓝图\10-乾坤钢构\1#车间扩展-分解图.dwg,Model,2000-08-02 10:20:04,Administrator,Default Windows System Printer.pc3,A3,1:146.407,
E:\1.工程蓝图\10-乾坤钢构\1#车间扩展-分解图.dwg,Model,2000-08-02 10:20:20,Administrator,Default Windows System Printer.pc3,A3,1:146.407,
E:\1.工程蓝图\10-乾坤钢构\1#车间扩展-分解图.dwg,Model,2000-08-02 10:20:51,Administrator,Default Windows System Printer.pc3,A3,1:146.407,
E:\1.工程蓝图\10-乾坤钢构\1#车间扩展-分解图.dwg,Model,2000-08-02 10:21:10,Administrator,Default Windows System Printer.pc3,A3,1:402.619,
E:\1.工程蓝图\10-乾坤钢构\1#车间扩展-分解图.dwg,Model,2000-08-02 10:21:22,Administrator,Default Windows System Printer.pc3,A3,1:402.619,
E:\1.工程蓝图\10-乾坤钢构\1#车间扩展-分解图.dwg,Model,2000-08-02 10:21:40,Administrator,Default Windows System Printer.pc3,A3,1:402.619,
E:\1.工程蓝图\10-乾坤钢构\1#车间扩展-分解图.dwg,Model,2000-08-02 10:22:04,Administrator,Default Windows System Printer.pc3,A3,1:158.119,
E:\1.工程蓝图\10-乾坤钢构\1#车间扩展-分解图.dwg,Model,2000-08-02 10:22:24,Administrator,Default Windows System Printer.pc3,A3,1:158.119,
E:\1.工程蓝图\10-乾坤钢构\1#车间扩展-分解图.dwg,Model,2000-08-02 13:10:01,Administrator,Default Windows System Printer.pc3,A3,1:402.619,
E:\1.工程蓝图\10-乾坤钢构\1#车间扩展-分解图.dwg,Model,2000-08-02 13:10:23,Administrator,Default Windows System Printer.pc3,A3,1:402.619,
E:\1.工程蓝图\10-乾坤钢构\1#车间扩展-分解图.dwg,Model,2000-08-02 13:26:21,Administrator,Default Windows System Printer.pc3,A3,1:146.407,
E:\1.工程蓝图\10-乾坤钢构\1#车间扩展-分解图.dwg,Model,2000-08-02 13:26:36,Administrator,Default Windows System Printer.pc3,A3,1:146.407,
E:\1.工程蓝图\10-乾坤钢构\1#车间扩展-分解图.dwg,Model,2000-08-02 13:33:53,Administrator,Default Windows System Printer.pc3,A3,1:135.246,
E:\1.工程蓝图\10-乾坤钢构\1#车间扩展-分解图.dwg,Model,2000-08-02 13:34:54,Administrator,Default Windows System Printer.pc3,A3,1:134.581,
E:\1.工程蓝图\10-乾坤钢构\1#车间扩展-分解图.dwg,Model,2000-08-02 13:36:58,Administrator,Default Windows System Printer.pc3,A3,1:402.619,
E:\1.工程蓝图\10-乾坤钢构\1#车间扩展-分解图.dwg,Model,2000-08-02 13:37:23,Administrator,Default Windows System Printer.pc3,A3,1:402.619,
E:\1.工程蓝图\10-乾坤钢构\1#车间扩展-分解图.dwg,Model,2000-08-02 13:41:05,Administrator,Default Windows System Printer.pc3,A3,1:402.619,
E:\1.工程蓝图\10-乾坤钢构\1#车间扩展-分解图.dwg,Model,2000-08-02 15:13:19,Administrator,Default Windows System Printer.pc3,A3,1:146.407,
E:\1.工程蓝图\10-乾坤钢构\1#车间扩展-分解图.dwg,Model,2000-08-02 15:14:05,Administrator,Default Windows System Printer.pc3,A3,1:146.407,
E:\1.工程蓝图\10-乾坤钢构\1#车间扩展-分解图.dwg,Model,2000-08-02 15:14:34,Administrator,Default Windows System Printer.pc3,A3,1:146.407,
E:\1.工程蓝图\10-乾坤钢构\1#车间扩展-分解图.dwg,Model,2000-08-02 15:14:51,Administrator,Default Windows System Printer.pc3,A3,1:146.407,
E:\1.工程蓝图\10-乾坤钢构\1#车间扩展-分解图.dwg,Model,2000-08-02 15:15:07,Administrator,Default Windows System Printer.pc3,A3,1:146.407,
E:\1.工程蓝图\10-乾坤钢构\1#车间扩展-分解图.dwg,Model,2000-08-02 15:15:23,Administrator,Default Windows System Printer.pc3,A3,1:146.407,
E:\1.工程蓝图\10-乾坤钢构\1#车间扩展-分解图.dwg,Model,2000-08-02 15:18:18,Administrator,Default Windows System Printer.pc3,A3,1:146.407,
E:\1.工程蓝图\10-乾坤钢构\1#车间扩展-分解图.dwg,Model,2000-08-02 15:18:35,Administrator,Default Windows System Printer.pc3,A3,1:146.407,
E:\1.工程蓝图\10-乾坤钢构\1#车间扩展-分解图.dwg,Model,2000-08-02 15:33:21,Administrator,Default Windows System Printer.pc3,A3,1:183.009,
E:\1.工程蓝图\10-乾坤钢构\1#车间扩展-分解图.dwg,Model,2000-08-02 15:33:36,Administrator,Default Windows System Printer.pc3,A3,1:183.009,
E:\1.工程蓝图\10-乾坤钢构\1#车间扩展-分解图.dwg,Model,2000-08-02 15:33:51,Administrator,Default Windows System Printer.pc3,A3,1:183.009,
E:\1.工程蓝图\10-乾坤钢构\1#车间扩展-分解图.dwg,Model,2000-08-02 15:34:07,Administrator,Default Windows System Printer.pc3,A3,1:183.009,
E:\1.工程蓝图\10-乾坤钢构\1#车间扩展-分解图.dwg,Model,2000-08-02 15:34:32,Administrator,Default Windows System Printer.pc3,A3,1:183.009,
E:\1.工程蓝图\10-乾坤钢构\1#车间扩展-分解图.dwg,Model,2000-08-02 15:34:47,Administrator,Default Windows System Printer.pc3,A3,1:183.009,
E:\1.工程蓝图\10-乾坤钢构\1#车间扩展-分解图.dwg,Model,2000-08-02 15:35:03,Administrator,Default Windows System Printer.pc3,A3,1:183.009,
E:\1.工程蓝图\10-乾坤钢构\1#车间扩展-分解图.dwg,Model,2000-08-02 15:35:16,Administrator,Default Windows System Printer.pc3,A3,1:183.009,
E:\1.工程蓝图\10-乾坤钢构\1#车间扩展-分解图.dwg,Model,2000-08-02 15:35:30,Administrator,Default Windows System Printer.pc3,A3,1:183.009,
E:\1.工程蓝图\10-乾坤钢构\1#车间扩展-分解图.dwg,Model,2000-08-02 15:35:43,Administrator,Default Windows System Printer.pc3,A3,1:183.009,
E:\1.工程蓝图\10-乾坤钢构\1#车间扩展-分解图.dwg,Model,2000-08-02 15:35:59,Administrator,Default Windows System Printer.pc3,A3,1:183.009,
E:\1.工程蓝图\10-乾坤钢构\1#车间扩展-分解图.dwg,Model,2000-08-02 15:36:14,Administrator,Default Windows System Printer.pc3,A3,1:183.009,
E:\1.工程蓝图\10-乾坤钢构\1#车间扩展-分解图.dwg,Model,2000-08-02 15:36:28,Administrator,Default Windows System Printer.pc3,A3,1:183.009,
E:\1.工程蓝图\10-乾坤钢构\1#车间扩展-分解图.dwg,Model,2000-08-02 15:36:41,Administrator,Default Windows System Printer.pc3,A3,1:183.009,
E:\1.工程蓝图\10-乾坤钢构\1#车间扩展-分解图.dwg,Model,2000-08-02 15:36:56,Administrator,Default Windows System Printer.pc3,A3,1:183.009,
E:\1.工程蓝图\10-乾坤钢构\1#车间扩展-分解图.dwg,Model,2000-08-02 15:41:38,Administrator,Default Windows System Printer.pc3,A3,1:402.619,
E:\1.工程蓝图\10-乾坤钢构\1#车间扩展-分解图.dwg,Model,2000-08-02 15:42:08,Administrator,Default Windows System Printer.pc3,A3,1:158.119,
E:\1.工程蓝图\10-乾坤钢构\1#车间扩展-分解图.dwg,Model,2000-08-02 15:42:46,Administrator,Default Windows System Printer.pc3,A3,1:133.518,
E:\1.工程蓝图\10-乾坤钢构\1#车间扩展-分解图.dwg,Model,2000-08-02 15:43:03,Administrator,Default Windows System Printer.pc3,A3,1:134.603,
E:\1.工程蓝图\10-乾坤钢构\1#车间扩展-分解图.dwg,Model,2000-08-02 15:43:29,Administrator,Default Windows System Printer.pc3,A3,1:402.619,
E:\1.工程蓝图\10-乾坤钢构\1#车间扩展-分解图.dwg,Model,2000-08-02 15:44:20,Administrator,Default Windows System Printer.pc3,A3,1:402.619,
E:\1.工程蓝图\10-乾坤钢构\1#车间扩展-分解图.dwg,Model,2000-08-06 15:26:36,Administrator,Default Windows System Printer.pc3,A3,1:146.407,
E:\1.工程蓝图\10-乾坤钢构\1#车间扩展-分解图.dwg,Model,2000-08-06 15:26:52,Administrator,Default Windows System Printer.pc3,A3,1:146.407,
E:\1.工程蓝图\10-乾坤钢构\1#车间扩展-分解图.dwg,Model,2000-08-06 16:30:17,Administrator,Default Windows System Printer.pc3,A3,1:146.407,
E:\1.工程蓝图\10-乾坤钢构\1#车间扩展-分解图.dwg,Model,2000-08-06 16:32:15,Administrator,Default Windows System Printer.pc3,A3,1:146.407,
E:\1.工程蓝图\10-乾坤钢构\1#车间扩展-分解图.dwg,Model,2000-08-06 16:32:33,Administrator,Default Windows System Printer.pc3,A3,1:146.407,
E:\1.工程蓝图\10-乾坤钢构\1#车间扩展-分解图.dwg,Model,2000-08-06 16:33:15,Administrator,Default Windows System Printer.pc3,A3,1:146.407,
E:\1.工程蓝图\10-乾坤钢构\1#车间扩展-分解图.dwg,Model,2000-08-06 16:33:34,Administrator,Default Windows System Printer.pc3,A3,1:146.407,
E:\1.工程蓝图\10-乾坤钢构\1#车间扩展-分解图.dwg,Model,2000-08-06 16:34:07,Administrator,Default Windows System Printer.pc3,A3,1:158.119,
E:\1.工程蓝图\10-乾坤钢构\1#车间扩展-分解图.dwg,Model,2000-08-06 16:35:01,Administrator,Default Windows System Printer.pc3,A4,1:59.5591,
E:\1.工程蓝图\10-乾坤钢构\1#车间扩展-分解图.dwg,Model,2000-08-06 16:40:37,Administrator,Default Windows System Printer.pc3,A3,1:146.407,
E:\1.工程蓝图\10-乾坤钢构\1#车间扩展-分解图.dwg,Model,2000-08-06 16:40:54,Administrator,Default Windows System Printer.pc3,A3,1:146.407,
E:\1.工程蓝图\10-乾坤钢构\1#车间扩展-分解图.dwg,Model,2000-08-06 16:41:11,Administrator,Default Windows System Printer.pc3,A3,1:146.407,
E:\1.工程蓝图\10-乾坤钢构\1#车间扩展-分解图.dwg,Model,2000-08-06 16:42:17,Administrator,Default Windows System Printer.pc3,A3,1:146.407,
E:\1.工程蓝图\10-乾坤钢构\1#车间扩展-分解图.dwg,Model,2000-08-06 16:43:07,Administrator,Default Windows System Printer.pc3,A3,1:158.119,
E:\1.工程蓝图\10-乾坤钢构\1#车间扩展-分解图.dwg,Model,2000-08-06 16:59:51,Administrator,Default Windows System Printer.pc3,A4,1:59.5591,
C:\Users\Administrator\Desktop\0华茂2#车间AB区檩条.dwg,Model,2000-08-16 09:57:36,Administrator,Default Windows System Printer.pc3,A3,1:1.42921,
C:\Users\Administrator\Desktop\0华茂2#车间AB区檩条.dwg,Model,2000-08-16 09:58:51,Administrator,Default Windows System Printer.pc3,A3,1:1.42921,
C:\Users\Administrator\Desktop\0华茂2#车间AB区檩条.dwg,Model,2000-08-16 09:59:10,Administrator,Default Windows System Printer.pc3,A3,1:1.42921,
C:\Users\Administrator\Desktop\0华茂2#车间AB区檩条.dwg,Model,2000-08-16 09:59:26,Administrator,Default Windows System Printer.pc3,A3,1:1.42921,
C:\Users\Administrator\Desktop\0华茂2#车间AB区檩条.dwg,Model,2000-08-16 09:59:42,Administrator,Default Windows System Printer.pc3,A3,1:1.42921,
C:\Users\Administrator\Desktop\0华茂2#车间AB区檩条.dwg,Model,2000-08-16 09:59:55,Administrator,Default Windows System Printer.pc3,A3,1:1.42921,
C:\Users\Administrator\Desktop\0华茂2#车间AB区檩条.dwg,Model,2000-08-16 10:00:19,Administrator,Default Windows System Printer.pc3,A3,1:1.42921,
C:\Users\Administrator\Desktop\0华茂2#车间AB区檩条.dwg,Model,2000-08-16 10:00:35,Administrator,Default Windows System Printer.pc3,A3,1:1.42921,
C:\Users\Administrator\Desktop\0华茂2#车间AB区檩条.dwg,Model,2000-08-16 10:00:59,Administrator,Default Windows System Printer.pc3,A3,1:1.42921,
C:\Users\Administrator\Desktop\0华茂2#车间AB区檩条.dwg,Model,2000-08-16 10:01:12,Administrator,Default Windows System Printer.pc3,A3,1:1.42921,
C:\Users\Administrator\Desktop\0华茂2#车间AB区檩条.dwg,Model,2000-08-16 10:01:27,Administrator,Default Windows System Printer.pc3,A3,1:1.42921,
C:\Users\Administrator\Desktop\0华茂2#车间AB区檩条.dwg,Model,2000-08-16 10:01:39,Administrator,Default Windows System Printer.pc3,A3,1:1.42921,
C:\Users\Administrator\Desktop\0华茂2#车间AB区檩条.dwg,Model,2000-08-16 10:01:53,Administrator,Default Windows System Printer.pc3,A3,1:1.42921,
C:\Users\Administrator\Desktop\0华茂2#车间AB区檩条.dwg,Model,2000-08-16 10:02:10,Administrator,Default Windows System Printer.pc3,A3,1:1.42921,
C:\Users\Administrator\Desktop\0华茂2#车间AB区檩条.dwg,Model,2000-08-16 10:02:28,Administrator,Default Windows System Printer.pc3,A3,1:1.42921,
C:\Users\Administrator\Desktop\0华茂2#车间AB区檩条.dwg,Model,2000-08-16 10:02:41,Administrator,Default Windows System Printer.pc3,A3,1:1.42921,
C:\Users\Administrator\Desktop\0华茂2#车间AB区檩条.dwg,Model,2000-08-16 10:02:55,Administrator,Default Windows System Printer.pc3,A3,1:1.42921,
C:\Users\Administrator\Desktop\0华茂2#车间AB区檩条.dwg,Model,2000-08-16 10:03:09,Administrator,Default Windows System Printer.pc3,A3,1:1.42921,
C:\Users\Administrator\Desktop\0华茂2#车间AB区檩条.dwg,Model,2000-08-16 10:03:20,Administrator,Default Windows System Printer.pc3,A3,1:1.42921,
C:\Users\Administrator\Desktop\0华茂2#车间AB区檩条.dwg,Model,2000-08-16 10:03:34,Administrator,Default Windows System Printer.pc3,A3,1:1.42921,
C:\Users\Administrator\Desktop\0华茂2#车间AB区檩条.dwg,Model,2000-08-16 10:03:46,Administrator,Default Windows System Printer.pc3,A3,1:1.42921,
C:\Users\Administrator\Desktop\0华茂2#车间AB区檩条.dwg,Model,2000-08-16 10:06:37,Administrator,Default Windows System Printer.pc3,A3,1:1.42921,
C:\Users\Administrator\Desktop\0华茂2#车间AB区檩条.dwg,Model,2000-08-16 10:06:59,Administrator,Default Windows System Printer.pc3,A3,1:1.42921,
C:\Users\Administrator\Desktop\0华茂2#车间AB区檩条.dwg,Model,2000-08-16 10:08:07,Administrator,Default Windows System Printer.pc3,A3,1:1.42921,
C:\Users\Administrator\Desktop\0华茂2#车间AB区檩条.dwg,Model,2000-08-16 10:08:22,Administrator,Default Windows System Printer.pc3,A3,1:1.42921,
C:\Users\Administrator\Desktop\华茂2# C区檩条细化全.dwg,Model,2000-08-16 10:09:50,Administrator,Default Windows System Printer.pc3,A3,1:0.571684,
C:\Users\Administrator\Desktop\华茂2# C区檩条细化全.dwg,Model,2000-08-16 10:10:07,Administrator,Default Windows System Printer.pc3,A3,1:1.43855,
C:\Users\Administrator\Desktop\华茂2# C区檩条细化全.dwg,Model,2000-08-16 10:10:24,Administrator,Default Windows System Printer.pc3,A3,1:0.643144,
C:\Users\Administrator\Desktop\华茂2# C区檩条细化全.dwg,Model,2000-08-16 10:10:36,Administrator,Default Windows System Printer.pc3,A3,1:0.571684,
C:\Users\Administrator\Desktop\华茂2# C区檩条细化全.dwg,Model,2000-08-16 10:10:52,Administrator,Default Windows System Printer.pc3,A3,1:1.04189,
C:\Users\Administrator\Desktop\华茂2# C区檩条细化全.dwg,Model,2000-08-16 10:11:07,Administrator,Default Windows System Printer.pc3,A3,1:1.22197,
C:\Users\Administrator\Desktop\华茂2# C区檩条细化全.dwg,Model,2000-08-16 10:11:24,Administrator,Default Windows System Printer.pc3,A3,1:1.0862,
C:\Users\Administrator\Desktop\华茂2# C区檩条细化全.dwg,Model,2000-08-16 10:11:39,Administrator,Default Windows System Printer.pc3,A3,1:1.14337,
C:\Users\Administrator\Desktop\华茂2# C区檩条细化全.dwg,Model,2000-08-16 10:11:52,Administrator,Default Windows System Printer.pc3,A3,1:1.21483,
C:\Users\Administrator\Desktop\华茂2# C区檩条细化全.dwg,Model,2000-08-16 10:12:11,Administrator,Default Windows System Printer.pc3,A3,1:1.28629,
C:\Users\Administrator\Desktop\华茂2# C区檩条细化全.dwg,Model,2000-08-16 10:12:27,Administrator,Default Windows System Printer.pc3,A3,1:1.42921,
C:\Users\Administrator\Desktop\华茂2# C区檩条细化全.dwg,Model,2000-08-16 10:12:45,Administrator,Default Windows System Printer.pc3,A3,1:1.42921,
C:\Users\Administrator\Desktop\华茂2# C区檩条细化全.dwg,Model,2000-08-16 10:13:00,Administrator,Default Windows System Printer.pc3,A3,1:1.42921,
E:\1.工程蓝图\4-妇幼保健院\新建设备罩棚分解图.dwg,Model,2000-09-16 15:38:08,Administrator,Default Windows System Printer.pc3,A3,1:29.2814,
E:\1.工程蓝图\4-妇幼保健院\新建设备罩棚分解图.dwg,Model,2000-09-16 15:38:22,Administrator,Default Windows System Printer.pc3,A3,1:29.2814,
E:\1.工程蓝图\4-妇幼保健院\新建设备罩棚分解图.dwg,Model,2000-09-16 15:38:37,Administrator,Default Windows System Printer.pc3,A3,1:29.2814,
E:\1.工程蓝图\4-妇幼保健院\新建设备罩棚分解图.dwg,Model,2000-09-16 15:38:50,Administrator,Default Windows System Printer.pc3,A3,1:29.2814,
E:\1.工程蓝图\4-妇幼保健院\新建设备罩棚分解图.dwg,Model,2000-09-16 15:39:03,Administrator,Default Windows System Printer.pc3,A3,1:29.2814,
E:\1.工程蓝图\4-妇幼保健院\新建设备罩棚分解图.dwg,Model,2000-09-16 15:39:17,Administrator,Default Windows System Printer.pc3,A3,1:29.2814,
E:\1.工程蓝图\4-妇幼保健院\新建设备罩棚分解图.dwg,Model,2000-09-16 15:39:32,Administrator,Default Windows System Printer.pc3,A3,1:29.2814,
E:\1.工程蓝图\4-妇幼保健院\新建设备罩棚分解图.dwg,Model,2000-09-16 15:39:45,Administrator,Default Windows System Printer.pc3,A3,1:29.2814,
E:\1.工程蓝图\4-妇幼保健院\新建设备罩棚分解图.dwg,Model,2000-09-16 15:40:03,Administrator,Default Windows System Printer.pc3,A3,1:29.2814,
E:\1.工程蓝图\4-妇幼保健院\新建设备罩棚分解图.dwg,Model,2000-09-16 15:40:17,Administrator,Default Windows System Printer.pc3,A3,1:29.2814,
E:\1.工程蓝图\4-妇幼保健院\新建设备罩棚分解图.dwg,Model,2000-09-16 15:40:31,Administrator,Default Windows System Printer.pc3,A3,1:29.2814,
E:\1.工程蓝图\4-妇幼保健院\新建设备罩棚分解图.dwg,Model,2000-09-16 15:40:45,Administrator,Default Windows System Printer.pc3,A3,1:29.2814,
E:\1.工程蓝图\4-妇幼保健院\新建设备罩棚分解图.dwg,Model,2000-09-16 15:40:58,Administrator,Default Windows System Printer.pc3,A3,1:29.2814,
E:\1.工程蓝图\4-妇幼保健院\新建设备罩棚分解图.dwg,Model,2000-09-16 15:41:12,Administrator,Default Windows System Printer.pc3,A3,1:29.2814,
E:\1.工程蓝图\4-妇幼保健院\新建设备罩棚分解图.dwg,Model,2000-09-16 15:41:28,Administrator,Default Windows System Printer.pc3,A3,1:109.805,
E:\1.工程蓝图\4-妇幼保健院\新建设备罩棚分解图.dwg,Model,2000-09-16 15:41:45,Administrator,Default Windows System Printer.pc3,A3,1:73.2034,
E:\1.工程蓝图\4-妇幼保健院\新建设备罩棚分解图.dwg,Model,2000-09-16 15:42:08,Administrator,Default Windows System Printer.pc3,A3,1:109.805,
E:\1.工程蓝图\4-妇幼保健院\新建设备罩棚分解图.dwg,Model,2000-09-16 15:42:28,Administrator,Default Windows System Printer.pc3,A3,1:29.2814,
E:\1.工程蓝图\4-妇幼保健院\新建设备罩棚分解图.dwg,Model,2000-09-16 15:42:49,Administrator,Default Windows System Printer.pc3,A3,1:10.9805,
E:\1.工程蓝图\4-妇幼保健院\新建设备罩棚分解图.dwg,Model,2000-09-16 16:02:47,Administrator,Default Windows System Printer.pc3,A3,1:29.2814,
E:\1.工程蓝图\4-妇幼保健院\新建设备罩棚分解图.dwg,Model,2000-09-16 16:03:16,Administrator,Default Windows System Printer.pc3,A3,1:29.2814,
E:\1.工程蓝图\4-妇幼保健院\新建设备罩棚分解图.dwg,Model,2000-09-16 16:03:30,Administrator,Default Windows System Printer.pc3,A3,1:29.2814,
E:\1.工程蓝图\4-妇幼保健院\新建设备罩棚分解图.dwg,Model,2000-09-16 16:06:07,Administrator,Default Windows System Printer.pc3,A3,1:73.2034,
E:\1.工程蓝图\4-妇幼保健院\新建设备罩棚分解图.dwg,Model,2000-09-16 16:40:44,Administrator,Default Windows System Printer.pc3,A3,1:10.9805,
E:\1.工程蓝图\4-妇幼保健院\新建设备罩棚分解图.dwg,Model,2000-09-16 16:41:08,Administrator,Default Windows System Printer.pc3,A3,1:29.2814,
E:\1.工程蓝图\4-妇幼保健院\新建设备罩棚分解图.dwg,Model,2000-09-16 16:41:23,Administrator,Default Windows System Printer.pc3,A3,1:29.2814,
E:\1.工程蓝图\4-妇幼保健院\新建设备罩棚分解图.dwg,Model,2000-09-16 16:41:37,Administrator,Default Windows System Printer.pc3,A3,1:29.2814,
E:\1.工程蓝图\4-妇幼保健院\新建设备罩棚分解图.dwg,Model,2000-09-16 16:41:49,Administrator,Default Windows System Printer.pc3,A3,1:29.2814,
E:\1.工程蓝图\4-妇幼保健院\新建设备罩棚分解图.dwg,Model,2000-09-16 16:42:04,Administrator,Default Windows System Printer.pc3,A3,1:29.2814,
E:\1.工程蓝图\4-妇幼保健院\新建设备罩棚分解图.dwg,Model,2000-09-16 16:42:16,Administrator,Default Windows System Printer.pc3,A3,1:29.2814,
E:\1.工程蓝图\4-妇幼保健院\新建设备罩棚分解图.dwg,Model,2000-09-16 16:42:31,Administrator,Default Windows System Printer.pc3,A3,1:29.2814,
E:\1.工程蓝图\4-妇幼保健院\新建设备罩棚分解图.dwg,Model,2000-09-16 16:42:46,Administrator,Default Windows System Printer.pc3,A3,1:29.2814,
E:\1.工程蓝图\4-妇幼保健院\新建设备罩棚分解图.dwg,Model,2000-09-16 16:43:00,Administrator,Default Windows System Printer.pc3,A3,1:29.2814,
E:\1.工程蓝图\5-祥瑞钢构\祥瑞钢构厂拓建厂房分解图.dwg,Model,2000-09-26 16:56:00,Administrator,Default Windows System Printer.pc3,A3,1:36.6017,
E:\trunk\工程蓝图\2-乾坤钢构\1#车间扩展-分解图.dwg,Model,2020-11-18 08:02:12,Administrator,Default Windows System Printer.pc3,A4,1:10.5042,
E:\trunk\工程蓝图\2-乾坤钢构\1#车间扩展-分解图.dwg,Model,2020-11-18 08:39:41,Administrator,Default Windows System Printer.pc3,A4,1:10.5042,
E:\trunk\工程蓝图\2-乾坤钢构\1#车间扩展-分解图.dwg,Model,2020-11-18 13:23:08,Administrator,Default Windows System Printer.pc3,A4,1:5.25212,
E:\trunk\工程蓝图\2-乾坤钢构\1#车间扩展-分解图.dwg,Model,2020-11-18 13:47:13,Administrator,Default Windows System Printer.pc3,A4,1:5.25212,
E:\trunk\工程蓝图\2-乾坤钢构\1#车间扩展-分解图.dwg,Model,2020-11-20 08:23:49,Administrator,Default Windows System Printer.pc3,A4,1:10.5042,
E:\trunk\工程蓝图\2-乾坤钢构\1#车间扩展-分解图.dwg,Model,2020-11-20 08:33:19,Administrator,Default Windows System Printer.pc3,A4,1:10.5042,
E:\trunk\工程蓝图\2-乾坤钢构\1#车间扩展-分解图.dwg,Model,2020-11-20 08:34:31,Administrator,Default Windows System Printer.pc3,A3,1:21.961,
E:\trunk\工程蓝图\2-乾坤钢构\1#车间扩展-分解图.dwg,Model,2020-11-20 08:40:34,Administrator,Default Windows System Printer.pc3,A4,1:10.5042,
E:\trunk\工程蓝图\2-乾坤钢构\1#车间扩展-分解图.dwg,Model,2020-11-20 08:40:48,Administrator,Default Windows System Printer.pc3,A4,1:10.5042,
E:\trunk\工程蓝图\2-乾坤钢构\1#车间扩展-分解图.dwg,Model,2000-11-25 11:08:22,Administrator,Default Windows System Printer.pc3,A4,1:10.5042,
E:\trunk\工程蓝图\2-乾坤钢构\1#车间扩展-分解图（改造）.dwg,Model,2020-12-06 13:56:45,Administrator,Default Windows System Printer.pc3,A4,1:92.8511,
E:\trunk\工程蓝图\2-乾坤钢构\1#车间扩展-分解图（改造）.dwg,Model,2020-12-07 09:11:23,Administrator,Default Windows System Printer.pc3,A4,1:92.7334,
E:\trunk\工程蓝图\2-乾坤钢构\1#车间扩展-分解图.dwg,Model,2020-12-08 09:28:59,Administrator,Default Windows System Printer.pc3,A4,1:29.2814,
E:\trunk\工程蓝图\2-乾坤钢构\1#车间扩展-分解图（改造）.dwg,Model,2020-12-08 09:58:29,Administrator,Default Windows System Printer.pc3,A4,1:93.7951,
E:\trunk\工程蓝图\2-乾坤钢构\1#车间扩展-分解图.dwg,Model,2020-12-08 10:41:23,Administrator,Default Windows System Printer.pc3,A4,1:10.5042,
E:\trunk\工程蓝图\2-乾坤钢构\1#车间扩展-分解图.dwg,Model,2020-12-08 12:44:35,Administrator,Default Windows System Printer.pc3,A4,1:15.7564,
E:\trunk\工程蓝图\2-乾坤钢构\1#车间扩展-分解图.dwg,Model,2020-12-08 12:47:27,Administrator,Default Windows System Printer.pc3,A4,1:15.7564,
E:\trunk\工程蓝图\2-乾坤钢构\1#车间扩展-分解图.dwg,Model,2020-12-09 08:29:38,Administrator,Default Windows System Printer.pc3,A4,1:52.5212,
E:\trunk\工程蓝图\2-乾坤钢构\1#车间扩展-分解图.dwg,Model,2020-12-09 08:30:43,Administrator,Default Windows System Printer.pc3,A3,1:36.6017,
E:\trunk\工程蓝图\2-乾坤钢构\1#车间扩展-分解图.dwg,Model,2020-12-09 08:35:30,Administrator,Default Windows System Printer.pc3,A4,1:10.5042,
E:\trunk\工程蓝图\2-乾坤钢构\1#车间扩展-分解图（改造）.dwg,Model,2020-12-09 09:12:34,Administrator,Default Windows System Printer.pc3,A4,1:92.5596,
E:\trunk\工程蓝图\2-乾坤钢构\1#车间扩展-分解图.dwg,Model,2020-12-09 10:26:07,Administrator,Default Windows System Printer.pc3,A3,1:21.961,
E:\trunk\工程蓝图\2-乾坤钢构\1#车间扩展-分解图.dwg,Model,2020-12-09 10:26:24,Administrator,Default Windows System Printer.pc3,A3,1:21.961,
E:\trunk\工程蓝图\2-乾坤钢构\1#车间扩展-分解图.dwg,Model,2020-12-09 11:07:44,Administrator,Default Windows System Printer.pc3,A3,1:36.6017,
E:\trunk\工程蓝图\2-乾坤钢构\1#车间扩展-分解图.dwg,Model,2020-12-09 11:07:56,Administrator,Default Windows System Printer.pc3,A3,1:36.6017,
E:\trunk\工程蓝图\2-乾坤钢构\1#车间扩展-分解图.dwg,Model,2020-12-09 11:08:09,Administrator,Default Windows System Printer.pc3,A3,1:36.6017,
E:\trunk\工程蓝图\2-乾坤钢构\1#车间扩展-分解图.dwg,Model,2020-12-09 11:08:46,Administrator,Default Windows System Printer.pc3,A3,1:382.711,
E:\trunk\工程蓝图\2-乾坤钢构\1#车间扩展-分解图（改造）.dwg,Model,2020-12-09 12:58:11,Administrator,Default Windows System Printer.pc3,A4,1:92.3862,
E:\trunk\工程蓝图\2-乾坤钢构\1#车间扩展-分解图.dwg,Model,2020-12-09 13:24:45,Administrator,Default Windows System Printer.pc3,A3,1:36.6017,
